mode: set
github.com/nmarsollier/authgo/docs/docs.go:754.13,756.2 1 0
github.com/nmarsollier/authgo/internal/common/cache/cache.go:25.33,29.2 1 1
github.com/nmarsollier/authgo/internal/common/cache/cache.go:35.55,38.2 2 1
github.com/nmarsollier/authgo/internal/common/cache/cache.go:40.51,41.39 1 1
github.com/nmarsollier/authgo/internal/common/cache/cache.go:41.39,42.34 1 1
github.com/nmarsollier/authgo/internal/common/cache/cache.go:42.34,44.4 1 1
github.com/nmarsollier/authgo/internal/common/cache/cache.go:47.2,47.27 1 1
github.com/nmarsollier/authgo/internal/common/cache/cache.go:50.42,52.2 1 1
github.com/nmarsollier/authgo/internal/common/db/collection.go:30.31,33.32 2 0
github.com/nmarsollier/authgo/internal/common/db/collection.go:33.32,41.17 2 0
github.com/nmarsollier/authgo/internal/common/db/collection.go:41.17,45.4 3 0
github.com/nmarsollier/authgo/internal/common/db/collection.go:47.2,47.16 1 0
github.com/nmarsollier/authgo/internal/common/db/collection.go:47.16,51.3 3 0
github.com/nmarsollier/authgo/internal/common/db/collection.go:53.2,56.8 1 0
github.com/nmarsollier/authgo/internal/common/db/collection.go:64.97,65.85 1 0
github.com/nmarsollier/authgo/internal/common/db/collection.go:65.85,68.3 2 0
github.com/nmarsollier/authgo/internal/common/db/collection.go:69.2,69.12 1 0
github.com/nmarsollier/authgo/internal/common/db/collection.go:72.110,74.16 2 0
github.com/nmarsollier/authgo/internal/common/db/collection.go:74.16,77.3 2 0
github.com/nmarsollier/authgo/internal/common/db/collection.go:78.2,78.35 1 0
github.com/nmarsollier/authgo/internal/common/db/collection.go:81.157,83.16 2 0
github.com/nmarsollier/authgo/internal/common/db/collection.go:83.16,86.3 2 0
github.com/nmarsollier/authgo/internal/common/db/collection.go:87.2,87.38 1 0
github.com/nmarsollier/authgo/internal/common/db/collection.go:90.97,92.16 2 0
github.com/nmarsollier/authgo/internal/common/db/collection.go:92.16,95.3 2 0
github.com/nmarsollier/authgo/internal/common/db/collection.go:96.2,96.31 1 0
github.com/nmarsollier/authgo/internal/common/db/collection.go:105.45,109.2 1 0
github.com/nmarsollier/authgo/internal/common/db/collection.go:115.56,117.2 1 0
github.com/nmarsollier/authgo/internal/common/db/collection.go:119.54,121.2 1 0
github.com/nmarsollier/authgo/internal/common/db/collection.go:122.53,124.2 1 0
github.com/nmarsollier/authgo/internal/common/db/collection.go:126.134,128.16 2 0
github.com/nmarsollier/authgo/internal/common/db/collection.go:128.16,130.3 1 0
github.com/nmarsollier/authgo/internal/common/db/collection.go:131.2,131.38 1 0
github.com/nmarsollier/authgo/internal/common/db/database.go:14.28,18.16 3 0
github.com/nmarsollier/authgo/internal/common/db/database.go:18.16,20.3 1 0
github.com/nmarsollier/authgo/internal/common/db/database.go:22.2,24.22 2 0
github.com/nmarsollier/authgo/internal/common/errs/rest.go:18.57,23.2 1 1
github.com/nmarsollier/authgo/internal/common/errs/rest.go:38.36,40.2 1 0
github.com/nmarsollier/authgo/internal/common/errs/rest.go:43.34,45.2 1 0
github.com/nmarsollier/authgo/internal/common/errs/validation.go:21.33,25.2 1 0
github.com/nmarsollier/authgo/internal/common/errs/validation.go:33.40,35.16 2 0
github.com/nmarsollier/authgo/internal/common/errs/validation.go:35.16,37.3 1 0
github.com/nmarsollier/authgo/internal/common/errs/validation.go:38.2,38.21 1 0
github.com/nmarsollier/authgo/internal/common/errs/validation.go:52.69,59.2 3 0
github.com/nmarsollier/authgo/internal/common/log/factory.go:26.15,36.2 5 0
github.com/nmarsollier/authgo/internal/common/log/factory.go:38.63,40.16 2 0
github.com/nmarsollier/authgo/internal/common/log/factory.go:40.16,51.3 3 0
github.com/nmarsollier/authgo/internal/common/log/factory.go:59.67,61.16 2 0
github.com/nmarsollier/authgo/internal/common/log/factory.go:61.16,63.3 1 0
github.com/nmarsollier/authgo/internal/common/log/factory.go:64.2,64.12 1 0
github.com/nmarsollier/authgo/internal/common/log/factory.go:67.59,69.2 1 0
github.com/nmarsollier/authgo/internal/common/log/factory.go:71.49,74.2 2 0
github.com/nmarsollier/authgo/internal/common/log/logger.go:19.50,21.2 1 0
github.com/nmarsollier/authgo/internal/common/log/logger.go:23.76,26.2 2 1
github.com/nmarsollier/authgo/internal/common/log/logger.go:28.49,30.2 1 0
github.com/nmarsollier/authgo/internal/common/log/logger.go:32.49,34.2 1 0
github.com/nmarsollier/authgo/internal/common/log/logger.go:36.50,38.2 1 0
github.com/nmarsollier/authgo/internal/common/log/logger.go:40.44,42.2 1 1
github.com/nmarsollier/authgo/internal/common/log/logger.go:44.46,46.9 2 0
github.com/nmarsollier/authgo/internal/common/log/logger.go:46.9,48.3 1 0
github.com/nmarsollier/authgo/internal/common/log/logger.go:49.2,49.15 1 0
github.com/nmarsollier/authgo/internal/common/rbt/publisher.go:31.31,33.16 2 0
github.com/nmarsollier/authgo/internal/common/rbt/publisher.go:33.16,36.3 2 0
github.com/nmarsollier/authgo/internal/common/rbt/publisher.go:38.2,39.16 2 0
github.com/nmarsollier/authgo/internal/common/rbt/publisher.go:39.16,42.3 2 0
github.com/nmarsollier/authgo/internal/common/rbt/publisher.go:44.2,50.8 1 0
github.com/nmarsollier/authgo/internal/common/rbt/publisher.go:53.93,63.2 1 0
github.com/nmarsollier/authgo/internal/common/rbt/publisher.go:65.52,67.2 1 0
github.com/nmarsollier/authgo/internal/common/rbt/publisher.go:69.97,71.2 1 0
github.com/nmarsollier/authgo/internal/common/rbt/publisher.go:73.90,75.2 1 0
github.com/nmarsollier/authgo/internal/common/rbt/publisher.go:77.128,84.16 4 0
github.com/nmarsollier/authgo/internal/common/rbt/publisher.go:84.16,87.3 2 0
github.com/nmarsollier/authgo/internal/common/rbt/publisher.go:89.2,97.16 3 0
github.com/nmarsollier/authgo/internal/common/rbt/publisher.go:97.16,100.3 2 0
github.com/nmarsollier/authgo/internal/common/rbt/publisher.go:102.2,111.16 2 0
github.com/nmarsollier/authgo/internal/common/rbt/publisher.go:111.16,114.3 2 0
github.com/nmarsollier/authgo/internal/common/rbt/publisher.go:116.2,118.12 2 0
github.com/nmarsollier/authgo/internal/common/rbt/publisher.go:121.55,123.2 1 0
github.com/nmarsollier/authgo/internal/common/rbt/publisher.go:132.91,136.2 1 0
github.com/nmarsollier/authgo/internal/common/strs/json.go:5.37,8.2 2 1
github.com/nmarsollier/authgo/internal/common/strs/numbers.go:5.29,7.16 2 1
github.com/nmarsollier/authgo/internal/common/strs/numbers.go:7.16,9.3 1 1
github.com/nmarsollier/authgo/internal/common/strs/numbers.go:10.2,10.10 1 1
github.com/nmarsollier/authgo/internal/common/strs/numbers.go:13.41,15.16 2 1
github.com/nmarsollier/authgo/internal/common/strs/numbers.go:15.16,17.3 1 1
github.com/nmarsollier/authgo/internal/common/strs/numbers.go:18.2,18.10 1 1
github.com/nmarsollier/authgo/internal/db/database.go:13.33,14.25 1 0
github.com/nmarsollier/authgo/internal/db/database.go:14.25,16.3 1 0
github.com/nmarsollier/authgo/internal/db/database.go:18.2,19.16 2 0
github.com/nmarsollier/authgo/internal/db/database.go:19.16,23.3 3 0
github.com/nmarsollier/authgo/internal/db/database.go:25.2,25.17 1 0
github.com/nmarsollier/authgo/internal/db/database.go:28.34,29.47 1 0
github.com/nmarsollier/authgo/internal/db/database.go:29.47,33.3 3 0
github.com/nmarsollier/authgo/internal/db/tokenCollection.go:11.38,12.28 1 0
github.com/nmarsollier/authgo/internal/db/tokenCollection.go:12.28,14.3 1 0
github.com/nmarsollier/authgo/internal/db/tokenCollection.go:16.2,19.16 3 0
github.com/nmarsollier/authgo/internal/db/tokenCollection.go:19.16,22.3 2 0
github.com/nmarsollier/authgo/internal/db/tokenCollection.go:24.2,24.24 1 0
github.com/nmarsollier/authgo/internal/db/userCollection.go:11.37,12.27 1 0
github.com/nmarsollier/authgo/internal/db/userCollection.go:12.27,14.3 1 0
github.com/nmarsollier/authgo/internal/db/userCollection.go:16.2,18.16 3 0
github.com/nmarsollier/authgo/internal/db/userCollection.go:18.16,21.3 2 0
github.com/nmarsollier/authgo/internal/db/userCollection.go:23.2,23.23 1 0
github.com/nmarsollier/authgo/internal/env/env.go:24.27,25.19 1 0
github.com/nmarsollier/authgo/internal/env/env.go:25.19,27.3 1 0
github.com/nmarsollier/authgo/internal/env/env.go:29.2,29.15 1 0
github.com/nmarsollier/authgo/internal/env/env.go:33.28,43.2 1 1
github.com/nmarsollier/authgo/internal/graph/model/federation.go:20.97,21.29 1 0
github.com/nmarsollier/authgo/internal/graph/model/federation.go:21.29,23.3 1 0
github.com/nmarsollier/authgo/internal/graph/model/federation.go:25.2,27.30 2 0
github.com/nmarsollier/authgo/internal/graph/model/federation.go:27.30,28.18 1 0
github.com/nmarsollier/authgo/internal/graph/model/federation.go:28.18,29.12 1 0
github.com/nmarsollier/authgo/internal/graph/model/federation.go:31.3,31.31 1 0
github.com/nmarsollier/authgo/internal/graph/model/federation.go:34.2,36.8 1 0
github.com/nmarsollier/authgo/internal/graph/model/federation.go:39.131,44.22 3 0
github.com/nmarsollier/authgo/internal/graph/model/federation.go:45.9,46.14 1 0
github.com/nmarsollier/authgo/internal/graph/model/federation.go:47.9,48.39 1 0
github.com/nmarsollier/authgo/internal/graph/model/federation.go:48.39,50.4 1 0
github.com/nmarsollier/authgo/internal/graph/model/federation.go:51.3,51.14 1 0
github.com/nmarsollier/authgo/internal/graph/model/federation.go:52.10,55.39 3 0
github.com/nmarsollier/authgo/internal/graph/model/federation.go:55.39,56.53 1 0
github.com/nmarsollier/authgo/internal/graph/model/federation.go:56.53,59.5 2 0
github.com/nmarsollier/authgo/internal/graph/model/federation.go:61.3,62.14 2 0
github.com/nmarsollier/authgo/internal/graph/model/federation.go:83.32,85.38 2 0
github.com/nmarsollier/authgo/internal/graph/model/federation.go:85.38,87.10 2 0
github.com/nmarsollier/authgo/internal/graph/model/federation.go:87.10,91.12 2 0
github.com/nmarsollier/authgo/internal/graph/model/federation.go:94.3,97.5 1 0
github.com/nmarsollier/authgo/internal/graph/model/federation.go:100.2,100.16 1 0
github.com/nmarsollier/authgo/internal/graph/model/federation.go:108.3,109.23 1 0
github.com/nmarsollier/authgo/internal/graph/model/federation.go:109.23,111.17 2 0
github.com/nmarsollier/authgo/internal/graph/model/federation.go:111.17,113.4 1 0
github.com/nmarsollier/authgo/internal/graph/model/federation.go:114.8,119.28 3 0
github.com/nmarsollier/authgo/internal/graph/model/federation.go:119.28,121.40 2 0
github.com/nmarsollier/authgo/internal/graph/model/federation.go:121.40,123.19 2 0
github.com/nmarsollier/authgo/internal/graph/model/federation.go:123.19,125.6 1 0
github.com/nmarsollier/authgo/internal/graph/model/federation.go:125.11,127.6 1 0
github.com/nmarsollier/authgo/internal/graph/model/federation.go:128.5,128.13 1 0
github.com/nmarsollier/authgo/internal/graph/model/federation.go:131.3,131.11 1 0
github.com/nmarsollier/authgo/internal/graph/model/federation.go:135.36,136.18 1 0
github.com/nmarsollier/authgo/internal/graph/model/federation.go:137.10,138.15 1 0
github.com/nmarsollier/authgo/internal/graph/model/federation.go:146.36,149.15 1 0
github.com/nmarsollier/authgo/internal/graph/model/federation.go:149.15,150.31 1 0
github.com/nmarsollier/authgo/internal/graph/model/federation.go:150.31,152.4 1 0
github.com/nmarsollier/authgo/internal/graph/model/federation.go:155.2,155.18 1 0
github.com/nmarsollier/authgo/internal/graph/model/federation.go:156.14,158.17 2 0
github.com/nmarsollier/authgo/internal/graph/model/federation.go:158.17,160.4 1 0
github.com/nmarsollier/authgo/internal/graph/model/federation.go:161.3,161.23 1 0
github.com/nmarsollier/authgo/internal/graph/model/federation.go:163.23,165.18 2 0
github.com/nmarsollier/authgo/internal/graph/model/federation.go:165.18,167.5 1 0
github.com/nmarsollier/authgo/internal/graph/model/federation.go:168.4,169.18 2 0
github.com/nmarsollier/authgo/internal/graph/model/federation.go:169.18,171.5 1 0
github.com/nmarsollier/authgo/internal/graph/model/federation.go:173.4,173.22 1 0
github.com/nmarsollier/authgo/internal/graph/model/federation.go:177.2,177.60 1 0
github.com/nmarsollier/authgo/internal/graph/model/federation.go:185.15,188.15 1 0
github.com/nmarsollier/authgo/internal/graph/model/federation.go:188.15,189.31 1 0
github.com/nmarsollier/authgo/internal/graph/model/federation.go:189.31,191.4 1 0
github.com/nmarsollier/authgo/internal/graph/model/federation.go:194.2,194.18 1 0
github.com/nmarsollier/authgo/internal/graph/model/federation.go:196.10,197.49 1 0
github.com/nmarsollier/authgo/internal/graph/model/federation.go:201.95,202.6 1 0
github.com/nmarsollier/authgo/internal/graph/model/federation.go:202.6,214.10 6 0
github.com/nmarsollier/authgo/internal/graph/model/federation.go:214.10,215.9 1 0
github.com/nmarsollier/authgo/internal/graph/model/federation.go:217.3,217.14 1 0
github.com/nmarsollier/authgo/internal/graph/model/federation.go:217.14,219.4 1 0
github.com/nmarsollier/authgo/internal/graph/model/federation.go:220.3,220.14 1 0
github.com/nmarsollier/authgo/internal/graph/model/federation.go:220.14,221.9 1 0
github.com/nmarsollier/authgo/internal/graph/model/federation.go:223.3,223.29 1 0
github.com/nmarsollier/authgo/internal/graph/model/federation.go:225.2,225.55 1 0
github.com/nmarsollier/authgo/internal/graph/model/models_gen.go:23.25,23.26 0 0
github.com/nmarsollier/authgo/internal/graph/model/schema.go:24.63,31.2 1 0
github.com/nmarsollier/authgo/internal/graph/model/schema.go:114.49,115.21 1 0
github.com/nmarsollier/authgo/internal/graph/model/schema.go:115.21,117.3 1 0
github.com/nmarsollier/authgo/internal/graph/model/schema.go:118.2,118.21 1 0
github.com/nmarsollier/authgo/internal/graph/model/schema.go:121.128,124.32 3 0
github.com/nmarsollier/authgo/internal/graph/model/schema.go:126.29,127.46 1 0
github.com/nmarsollier/authgo/internal/graph/model/schema.go:127.46,128.9 1 0
github.com/nmarsollier/authgo/internal/graph/model/schema.go:131.3,132.17 2 0
github.com/nmarsollier/authgo/internal/graph/model/schema.go:132.17,134.4 1 0
github.com/nmarsollier/authgo/internal/graph/model/schema.go:136.3,136.86 1 0
github.com/nmarsollier/authgo/internal/graph/model/schema.go:138.33,139.50 1 0
github.com/nmarsollier/authgo/internal/graph/model/schema.go:139.50,140.9 1 0
github.com/nmarsollier/authgo/internal/graph/model/schema.go:143.3,144.17 2 0
github.com/nmarsollier/authgo/internal/graph/model/schema.go:144.17,146.4 1 0
github.com/nmarsollier/authgo/internal/graph/model/schema.go:148.3,148.129 1 0
github.com/nmarsollier/authgo/internal/graph/model/schema.go:150.26,151.43 1 0
github.com/nmarsollier/authgo/internal/graph/model/schema.go:151.43,152.9 1 0
github.com/nmarsollier/authgo/internal/graph/model/schema.go:155.3,156.17 2 0
github.com/nmarsollier/authgo/internal/graph/model/schema.go:156.17,158.4 1 0
github.com/nmarsollier/authgo/internal/graph/model/schema.go:160.3,160.87 1 0
github.com/nmarsollier/authgo/internal/graph/model/schema.go:162.25,163.42 1 0
github.com/nmarsollier/authgo/internal/graph/model/schema.go:163.42,164.9 1 0
github.com/nmarsollier/authgo/internal/graph/model/schema.go:167.3,168.17 2 0
github.com/nmarsollier/authgo/internal/graph/model/schema.go:168.17,170.4 1 0
github.com/nmarsollier/authgo/internal/graph/model/schema.go:172.3,172.86 1 0
github.com/nmarsollier/authgo/internal/graph/model/schema.go:174.24,175.41 1 0
github.com/nmarsollier/authgo/internal/graph/model/schema.go:175.41,176.9 1 0
github.com/nmarsollier/authgo/internal/graph/model/schema.go:179.3,180.17 2 0
github.com/nmarsollier/authgo/internal/graph/model/schema.go:180.17,182.4 1 0
github.com/nmarsollier/authgo/internal/graph/model/schema.go:184.3,184.117 1 0
github.com/nmarsollier/authgo/internal/graph/model/schema.go:186.25,187.42 1 0
github.com/nmarsollier/authgo/internal/graph/model/schema.go:187.42,188.9 1 0
github.com/nmarsollier/authgo/internal/graph/model/schema.go:191.3,192.17 2 0
github.com/nmarsollier/authgo/internal/graph/model/schema.go:192.17,194.4 1 0
github.com/nmarsollier/authgo/internal/graph/model/schema.go:196.3,196.118 1 0
github.com/nmarsollier/authgo/internal/graph/model/schema.go:198.25,199.42 1 0
github.com/nmarsollier/authgo/internal/graph/model/schema.go:199.42,200.9 1 0
github.com/nmarsollier/authgo/internal/graph/model/schema.go:203.3,204.17 2 0
github.com/nmarsollier/authgo/internal/graph/model/schema.go:204.17,206.4 1 0
github.com/nmarsollier/authgo/internal/graph/model/schema.go:208.3,208.112 1 0
github.com/nmarsollier/authgo/internal/graph/model/schema.go:210.26,211.43 1 0
github.com/nmarsollier/authgo/internal/graph/model/schema.go:211.43,212.9 1 0
github.com/nmarsollier/authgo/internal/graph/model/schema.go:215.3,215.62 1 0
github.com/nmarsollier/authgo/internal/graph/model/schema.go:217.25,218.42 1 0
github.com/nmarsollier/authgo/internal/graph/model/schema.go:218.42,219.9 1 0
github.com/nmarsollier/authgo/internal/graph/model/schema.go:222.3,223.17 2 0
github.com/nmarsollier/authgo/internal/graph/model/schema.go:223.17,225.4 1 0
github.com/nmarsollier/authgo/internal/graph/model/schema.go:227.3,227.135 1 0
github.com/nmarsollier/authgo/internal/graph/model/schema.go:229.27,230.44 1 0
github.com/nmarsollier/authgo/internal/graph/model/schema.go:230.44,231.9 1 0
github.com/nmarsollier/authgo/internal/graph/model/schema.go:234.3,234.63 1 0
github.com/nmarsollier/authgo/internal/graph/model/schema.go:236.21,237.38 1 0
github.com/nmarsollier/authgo/internal/graph/model/schema.go:237.38,238.9 1 0
github.com/nmarsollier/authgo/internal/graph/model/schema.go:241.3,241.57 1 0
github.com/nmarsollier/authgo/internal/graph/model/schema.go:243.24,244.51 1 0
github.com/nmarsollier/authgo/internal/graph/model/schema.go:244.51,245.9 1 0
github.com/nmarsollier/authgo/internal/graph/model/schema.go:248.3,248.70 1 0
github.com/nmarsollier/authgo/internal/graph/model/schema.go:250.25,251.51 1 0
github.com/nmarsollier/authgo/internal/graph/model/schema.go:251.51,252.9 1 0
github.com/nmarsollier/authgo/internal/graph/model/schema.go:255.3,256.17 2 0
github.com/nmarsollier/authgo/internal/graph/model/schema.go:256.17,258.4 1 0
github.com/nmarsollier/authgo/internal/graph/model/schema.go:260.3,260.122 1 0
github.com/nmarsollier/authgo/internal/graph/model/schema.go:262.21,263.38 1 0
github.com/nmarsollier/authgo/internal/graph/model/schema.go:263.38,264.9 1 0
github.com/nmarsollier/authgo/internal/graph/model/schema.go:267.3,267.57 1 0
github.com/nmarsollier/authgo/internal/graph/model/schema.go:269.22,270.39 1 0
github.com/nmarsollier/authgo/internal/graph/model/schema.go:270.39,271.9 1 0
github.com/nmarsollier/authgo/internal/graph/model/schema.go:274.3,274.58 1 0
github.com/nmarsollier/authgo/internal/graph/model/schema.go:276.17,277.34 1 0
github.com/nmarsollier/authgo/internal/graph/model/schema.go:277.34,278.9 1 0
github.com/nmarsollier/authgo/internal/graph/model/schema.go:281.3,281.53 1 0
github.com/nmarsollier/authgo/internal/graph/model/schema.go:283.20,284.37 1 0
github.com/nmarsollier/authgo/internal/graph/model/schema.go:284.37,285.9 1 0
github.com/nmarsollier/authgo/internal/graph/model/schema.go:288.3,288.56 1 0
github.com/nmarsollier/authgo/internal/graph/model/schema.go:290.19,291.36 1 0
github.com/nmarsollier/authgo/internal/graph/model/schema.go:291.36,292.9 1 0
github.com/nmarsollier/authgo/internal/graph/model/schema.go:295.3,295.55 1 0
github.com/nmarsollier/authgo/internal/graph/model/schema.go:297.26,298.43 1 0
github.com/nmarsollier/authgo/internal/graph/model/schema.go:298.43,299.9 1 0
github.com/nmarsollier/authgo/internal/graph/model/schema.go:302.3,302.62 1 0
github.com/nmarsollier/authgo/internal/graph/model/schema.go:304.22,305.39 1 0
github.com/nmarsollier/authgo/internal/graph/model/schema.go:305.39,306.9 1 0
github.com/nmarsollier/authgo/internal/graph/model/schema.go:309.3,309.58 1 0
github.com/nmarsollier/authgo/internal/graph/model/schema.go:312.2,312.17 1 0
github.com/nmarsollier/authgo/internal/graph/model/schema.go:315.78,321.35 5 0
github.com/nmarsollier/authgo/internal/graph/model/schema.go:322.17,323.54 1 0
github.com/nmarsollier/authgo/internal/graph/model/schema.go:323.54,326.13 3 0
github.com/nmarsollier/authgo/internal/graph/model/schema.go:326.13,330.5 3 0
github.com/nmarsollier/authgo/internal/graph/model/schema.go:330.10,331.50 1 0
github.com/nmarsollier/authgo/internal/graph/model/schema.go:331.50,338.6 6 0
github.com/nmarsollier/authgo/internal/graph/model/schema.go:338.11,340.6 1 0
github.com/nmarsollier/authgo/internal/graph/model/schema.go:342.4,345.42 4 0
github.com/nmarsollier/authgo/internal/graph/model/schema.go:345.42,348.5 2 0
github.com/nmarsollier/authgo/internal/graph/model/schema.go:350.4,350.20 1 0
github.com/nmarsollier/authgo/internal/graph/model/schema.go:352.20,353.54 1 0
github.com/nmarsollier/authgo/internal/graph/model/schema.go:353.54,354.14 1 0
github.com/nmarsollier/authgo/internal/graph/model/schema.go:354.14,356.5 1 0
github.com/nmarsollier/authgo/internal/graph/model/schema.go:357.4,365.5 6 0
github.com/nmarsollier/authgo/internal/graph/model/schema.go:368.10,369.86 1 0
github.com/nmarsollier/authgo/internal/graph/model/schema.go:381.76,383.12 2 0
github.com/nmarsollier/authgo/internal/graph/model/schema.go:383.12,393.31 4 0
github.com/nmarsollier/authgo/internal/graph/model/schema.go:393.31,395.4 1 0
github.com/nmarsollier/authgo/internal/graph/model/schema.go:396.3,396.27 1 0
github.com/nmarsollier/authgo/internal/graph/model/schema.go:400.79,401.29 1 0
github.com/nmarsollier/authgo/internal/graph/model/schema.go:401.29,403.3 1 0
github.com/nmarsollier/authgo/internal/graph/model/schema.go:404.2,404.51 1 0
github.com/nmarsollier/authgo/internal/graph/model/schema.go:407.86,408.29 1 0
github.com/nmarsollier/authgo/internal/graph/model/schema.go:408.29,410.3 1 0
github.com/nmarsollier/authgo/internal/graph/model/schema.go:411.2,411.81 1 0
github.com/nmarsollier/authgo/internal/graph/model/schema.go:477.145,481.16 4 0
github.com/nmarsollier/authgo/internal/graph/model/schema.go:481.16,483.3 1 0
github.com/nmarsollier/authgo/internal/graph/model/schema.go:484.2,485.18 2 0
github.com/nmarsollier/authgo/internal/graph/model/schema.go:490.19,492.34 2 0
github.com/nmarsollier/authgo/internal/graph/model/schema.go:492.34,494.3 1 0
github.com/nmarsollier/authgo/internal/graph/model/schema.go:496.2,497.21 2 0
github.com/nmarsollier/authgo/internal/graph/model/schema.go:500.149,504.16 4 0
github.com/nmarsollier/authgo/internal/graph/model/schema.go:504.16,506.3 1 0
github.com/nmarsollier/authgo/internal/graph/model/schema.go:507.2,509.16 3 0
github.com/nmarsollier/authgo/internal/graph/model/schema.go:509.16,511.3 1 0
github.com/nmarsollier/authgo/internal/graph/model/schema.go:512.2,513.18 2 0
github.com/nmarsollier/authgo/internal/graph/model/schema.go:518.19,520.43 2 0
github.com/nmarsollier/authgo/internal/graph/model/schema.go:520.43,522.3 1 0
github.com/nmarsollier/authgo/internal/graph/model/schema.go:524.2,525.21 2 0
github.com/nmarsollier/authgo/internal/graph/model/schema.go:531.19,533.43 2 0
github.com/nmarsollier/authgo/internal/graph/model/schema.go:533.43,535.3 1 0
github.com/nmarsollier/authgo/internal/graph/model/schema.go:537.2,538.21 2 0
github.com/nmarsollier/authgo/internal/graph/model/schema.go:541.142,545.16 4 0
github.com/nmarsollier/authgo/internal/graph/model/schema.go:545.16,547.3 1 0
github.com/nmarsollier/authgo/internal/graph/model/schema.go:548.2,549.18 2 0
github.com/nmarsollier/authgo/internal/graph/model/schema.go:554.19,556.38 2 0
github.com/nmarsollier/authgo/internal/graph/model/schema.go:556.38,558.3 1 0
github.com/nmarsollier/authgo/internal/graph/model/schema.go:560.2,561.21 2 0
github.com/nmarsollier/authgo/internal/graph/model/schema.go:564.141,568.16 4 0
github.com/nmarsollier/authgo/internal/graph/model/schema.go:568.16,570.3 1 0
github.com/nmarsollier/authgo/internal/graph/model/schema.go:571.2,572.18 2 0
github.com/nmarsollier/authgo/internal/graph/model/schema.go:577.19,579.38 2 0
github.com/nmarsollier/authgo/internal/graph/model/schema.go:579.38,581.3 1 0
github.com/nmarsollier/authgo/internal/graph/model/schema.go:583.2,584.21 2 0
github.com/nmarsollier/authgo/internal/graph/model/schema.go:587.140,591.16 4 0
github.com/nmarsollier/authgo/internal/graph/model/schema.go:591.16,593.3 1 0
github.com/nmarsollier/authgo/internal/graph/model/schema.go:594.2,596.16 3 0
github.com/nmarsollier/authgo/internal/graph/model/schema.go:596.16,598.3 1 0
github.com/nmarsollier/authgo/internal/graph/model/schema.go:599.2,600.18 2 0
github.com/nmarsollier/authgo/internal/graph/model/schema.go:605.19,607.38 2 0
github.com/nmarsollier/authgo/internal/graph/model/schema.go:607.38,609.3 1 0
github.com/nmarsollier/authgo/internal/graph/model/schema.go:611.2,612.21 2 0
github.com/nmarsollier/authgo/internal/graph/model/schema.go:618.21,620.43 2 0
github.com/nmarsollier/authgo/internal/graph/model/schema.go:620.43,622.3 1 0
github.com/nmarsollier/authgo/internal/graph/model/schema.go:624.2,625.21 2 0
github.com/nmarsollier/authgo/internal/graph/model/schema.go:628.141,632.16 4 0
github.com/nmarsollier/authgo/internal/graph/model/schema.go:632.16,634.3 1 0
github.com/nmarsollier/authgo/internal/graph/model/schema.go:635.2,637.16 3 0
github.com/nmarsollier/authgo/internal/graph/model/schema.go:637.16,639.3 1 0
github.com/nmarsollier/authgo/internal/graph/model/schema.go:640.2,641.18 2 0
github.com/nmarsollier/authgo/internal/graph/model/schema.go:646.19,648.38 2 0
github.com/nmarsollier/authgo/internal/graph/model/schema.go:648.38,650.3 1 0
github.com/nmarsollier/authgo/internal/graph/model/schema.go:652.2,653.21 2 0
github.com/nmarsollier/authgo/internal/graph/model/schema.go:659.21,661.43 2 0
github.com/nmarsollier/authgo/internal/graph/model/schema.go:661.43,663.3 1 0
github.com/nmarsollier/authgo/internal/graph/model/schema.go:665.2,666.21 2 0
github.com/nmarsollier/authgo/internal/graph/model/schema.go:669.141,673.16 4 0
github.com/nmarsollier/authgo/internal/graph/model/schema.go:673.16,675.3 1 0
github.com/nmarsollier/authgo/internal/graph/model/schema.go:676.2,678.16 3 0
github.com/nmarsollier/authgo/internal/graph/model/schema.go:678.16,680.3 1 0
github.com/nmarsollier/authgo/internal/graph/model/schema.go:681.2,682.18 2 0
github.com/nmarsollier/authgo/internal/graph/model/schema.go:687.19,689.37 2 0
github.com/nmarsollier/authgo/internal/graph/model/schema.go:689.37,691.3 1 0
github.com/nmarsollier/authgo/internal/graph/model/schema.go:693.2,694.21 2 0
github.com/nmarsollier/authgo/internal/graph/model/schema.go:700.19,702.40 2 0
github.com/nmarsollier/authgo/internal/graph/model/schema.go:702.40,704.3 1 0
github.com/nmarsollier/authgo/internal/graph/model/schema.go:706.2,707.21 2 0
github.com/nmarsollier/authgo/internal/graph/model/schema.go:710.141,714.16 4 0
github.com/nmarsollier/authgo/internal/graph/model/schema.go:714.16,716.3 1 0
github.com/nmarsollier/authgo/internal/graph/model/schema.go:717.2,719.16 3 0
github.com/nmarsollier/authgo/internal/graph/model/schema.go:719.16,721.3 1 0
github.com/nmarsollier/authgo/internal/graph/model/schema.go:722.2,724.16 3 0
github.com/nmarsollier/authgo/internal/graph/model/schema.go:724.16,726.3 1 0
github.com/nmarsollier/authgo/internal/graph/model/schema.go:727.2,728.18 2 0
github.com/nmarsollier/authgo/internal/graph/model/schema.go:733.19,735.36 2 0
github.com/nmarsollier/authgo/internal/graph/model/schema.go:735.36,737.3 1 0
github.com/nmarsollier/authgo/internal/graph/model/schema.go:739.2,740.21 2 0
github.com/nmarsollier/authgo/internal/graph/model/schema.go:746.19,748.37 2 0
github.com/nmarsollier/authgo/internal/graph/model/schema.go:748.37,750.3 1 0
github.com/nmarsollier/authgo/internal/graph/model/schema.go:752.2,753.21 2 0
github.com/nmarsollier/authgo/internal/graph/model/schema.go:759.19,761.40 2 0
github.com/nmarsollier/authgo/internal/graph/model/schema.go:761.40,763.3 1 0
github.com/nmarsollier/authgo/internal/graph/model/schema.go:765.2,766.21 2 0
github.com/nmarsollier/authgo/internal/graph/model/schema.go:769.138,773.16 4 0
github.com/nmarsollier/authgo/internal/graph/model/schema.go:773.16,775.3 1 0
github.com/nmarsollier/authgo/internal/graph/model/schema.go:776.2,777.18 2 0
github.com/nmarsollier/authgo/internal/graph/model/schema.go:782.19,784.36 2 0
github.com/nmarsollier/authgo/internal/graph/model/schema.go:784.36,786.3 1 0
github.com/nmarsollier/authgo/internal/graph/model/schema.go:788.2,789.21 2 0
github.com/nmarsollier/authgo/internal/graph/model/schema.go:792.141,796.16 4 0
github.com/nmarsollier/authgo/internal/graph/model/schema.go:796.16,798.3 1 0
github.com/nmarsollier/authgo/internal/graph/model/schema.go:799.2,800.18 2 0
github.com/nmarsollier/authgo/internal/graph/model/schema.go:805.37,807.47 2 0
github.com/nmarsollier/authgo/internal/graph/model/schema.go:807.47,809.3 1 0
github.com/nmarsollier/authgo/internal/graph/model/schema.go:811.2,812.21 2 0
github.com/nmarsollier/authgo/internal/graph/model/schema.go:815.143,819.16 4 0
github.com/nmarsollier/authgo/internal/graph/model/schema.go:819.16,821.3 1 0
github.com/nmarsollier/authgo/internal/graph/model/schema.go:822.2,823.18 2 0
github.com/nmarsollier/authgo/internal/graph/model/schema.go:828.17,830.49 2 0
github.com/nmarsollier/authgo/internal/graph/model/schema.go:830.49,832.3 1 0
github.com/nmarsollier/authgo/internal/graph/model/schema.go:834.2,835.21 2 0
github.com/nmarsollier/authgo/internal/graph/model/schema.go:838.139,842.16 4 0
github.com/nmarsollier/authgo/internal/graph/model/schema.go:842.16,844.3 1 0
github.com/nmarsollier/authgo/internal/graph/model/schema.go:845.2,846.18 2 0
github.com/nmarsollier/authgo/internal/graph/model/schema.go:851.17,853.49 2 0
github.com/nmarsollier/authgo/internal/graph/model/schema.go:853.49,855.3 1 0
github.com/nmarsollier/authgo/internal/graph/model/schema.go:857.2,858.21 2 0
github.com/nmarsollier/authgo/internal/graph/model/schema.go:869.125,871.16 2 0
github.com/nmarsollier/authgo/internal/graph/model/schema.go:871.16,873.3 1 0
github.com/nmarsollier/authgo/internal/graph/model/schema.go:874.2,875.15 2 0
github.com/nmarsollier/authgo/internal/graph/model/schema.go:875.15,876.31 1 0
github.com/nmarsollier/authgo/internal/graph/model/schema.go:876.31,879.4 2 0
github.com/nmarsollier/authgo/internal/graph/model/schema.go:881.2,881.92 1 0
github.com/nmarsollier/authgo/internal/graph/model/schema.go:881.92,884.3 2 0
github.com/nmarsollier/authgo/internal/graph/model/schema.go:885.2,885.16 1 0
github.com/nmarsollier/authgo/internal/graph/model/schema.go:885.16,888.3 2 0
github.com/nmarsollier/authgo/internal/graph/model/schema.go:889.2,889.19 1 0
github.com/nmarsollier/authgo/internal/graph/model/schema.go:889.19,890.38 1 0
github.com/nmarsollier/authgo/internal/graph/model/schema.go:890.38,892.4 1 0
github.com/nmarsollier/authgo/internal/graph/model/schema.go:893.3,893.22 1 0
github.com/nmarsollier/authgo/internal/graph/model/schema.go:895.2,897.125 3 0
github.com/nmarsollier/authgo/internal/graph/model/schema.go:900.151,906.97 1 0
github.com/nmarsollier/authgo/internal/graph/model/schema.go:906.97,907.22 1 0
github.com/nmarsollier/authgo/internal/graph/model/schema.go:908.14,909.47 1 0
github.com/nmarsollier/authgo/internal/graph/model/schema.go:910.16,911.49 1 0
github.com/nmarsollier/authgo/internal/graph/model/schema.go:912.23,913.56 1 0
github.com/nmarsollier/authgo/internal/graph/model/schema.go:914.17,915.50 1 0
github.com/nmarsollier/authgo/internal/graph/model/schema.go:916.19,917.52 1 0
github.com/nmarsollier/authgo/internal/graph/model/schema.go:919.4,919.85 1 0
github.com/nmarsollier/authgo/internal/graph/model/schema.go:922.2,922.15 1 0
github.com/nmarsollier/authgo/internal/graph/model/schema.go:922.15,923.31 1 0
github.com/nmarsollier/authgo/internal/graph/model/schema.go:923.31,926.4 2 0
github.com/nmarsollier/authgo/internal/graph/model/schema.go:928.2,929.104 2 0
github.com/nmarsollier/authgo/internal/graph/model/schema.go:929.104,932.3 2 0
github.com/nmarsollier/authgo/internal/graph/model/schema.go:933.2,933.16 1 0
github.com/nmarsollier/authgo/internal/graph/model/schema.go:936.121,938.16 2 0
github.com/nmarsollier/authgo/internal/graph/model/schema.go:938.16,940.3 1 0
github.com/nmarsollier/authgo/internal/graph/model/schema.go:941.2,942.15 2 0
github.com/nmarsollier/authgo/internal/graph/model/schema.go:942.15,943.31 1 0
github.com/nmarsollier/authgo/internal/graph/model/schema.go:943.31,946.4 2 0
github.com/nmarsollier/authgo/internal/graph/model/schema.go:948.2,948.92 1 0
github.com/nmarsollier/authgo/internal/graph/model/schema.go:948.92,951.3 2 0
github.com/nmarsollier/authgo/internal/graph/model/schema.go:952.2,952.16 1 0
github.com/nmarsollier/authgo/internal/graph/model/schema.go:952.16,955.3 2 0
github.com/nmarsollier/authgo/internal/graph/model/schema.go:956.2,956.19 1 0
github.com/nmarsollier/authgo/internal/graph/model/schema.go:956.19,957.38 1 0
github.com/nmarsollier/authgo/internal/graph/model/schema.go:957.38,959.4 1 0
github.com/nmarsollier/authgo/internal/graph/model/schema.go:960.3,960.22 1 0
github.com/nmarsollier/authgo/internal/graph/model/schema.go:962.2,964.127 3 0
github.com/nmarsollier/authgo/internal/graph/model/schema.go:967.147,973.97 1 0
github.com/nmarsollier/authgo/internal/graph/model/schema.go:973.97,974.22 1 0
github.com/nmarsollier/authgo/internal/graph/model/schema.go:975.17,976.51 1 0
github.com/nmarsollier/authgo/internal/graph/model/schema.go:978.4,978.86 1 0
github.com/nmarsollier/authgo/internal/graph/model/schema.go:981.2,981.15 1 0
github.com/nmarsollier/authgo/internal/graph/model/schema.go:981.15,982.31 1 0
github.com/nmarsollier/authgo/internal/graph/model/schema.go:982.31,985.4 2 0
github.com/nmarsollier/authgo/internal/graph/model/schema.go:987.2,988.100 2 0
github.com/nmarsollier/authgo/internal/graph/model/schema.go:988.100,991.3 2 0
github.com/nmarsollier/authgo/internal/graph/model/schema.go:992.2,992.16 1 0
github.com/nmarsollier/authgo/internal/graph/model/schema.go:995.121,997.16 2 0
github.com/nmarsollier/authgo/internal/graph/model/schema.go:997.16,999.3 1 0
github.com/nmarsollier/authgo/internal/graph/model/schema.go:1000.2,1001.15 2 0
github.com/nmarsollier/authgo/internal/graph/model/schema.go:1001.15,1002.31 1 0
github.com/nmarsollier/authgo/internal/graph/model/schema.go:1002.31,1005.4 2 0
github.com/nmarsollier/authgo/internal/graph/model/schema.go:1007.2,1007.92 1 0
github.com/nmarsollier/authgo/internal/graph/model/schema.go:1007.92,1010.3 2 0
github.com/nmarsollier/authgo/internal/graph/model/schema.go:1011.2,1011.16 1 0
github.com/nmarsollier/authgo/internal/graph/model/schema.go:1011.16,1014.3 2 0
github.com/nmarsollier/authgo/internal/graph/model/schema.go:1015.2,1015.19 1 0
github.com/nmarsollier/authgo/internal/graph/model/schema.go:1015.19,1016.38 1 0
github.com/nmarsollier/authgo/internal/graph/model/schema.go:1016.38,1018.4 1 0
github.com/nmarsollier/authgo/internal/graph/model/schema.go:1019.3,1019.22 1 0
github.com/nmarsollier/authgo/internal/graph/model/schema.go:1021.2,1023.127 3 0
github.com/nmarsollier/authgo/internal/graph/model/schema.go:1026.147,1032.97 1 0
github.com/nmarsollier/authgo/internal/graph/model/schema.go:1032.97,1033.22 1 0
github.com/nmarsollier/authgo/internal/graph/model/schema.go:1034.17,1035.51 1 0
github.com/nmarsollier/authgo/internal/graph/model/schema.go:1037.4,1037.86 1 0
github.com/nmarsollier/authgo/internal/graph/model/schema.go:1040.2,1040.15 1 0
github.com/nmarsollier/authgo/internal/graph/model/schema.go:1040.15,1041.31 1 0
github.com/nmarsollier/authgo/internal/graph/model/schema.go:1041.31,1044.4 2 0
github.com/nmarsollier/authgo/internal/graph/model/schema.go:1046.2,1047.100 2 0
github.com/nmarsollier/authgo/internal/graph/model/schema.go:1047.100,1050.3 2 0
github.com/nmarsollier/authgo/internal/graph/model/schema.go:1051.2,1051.16 1 0
github.com/nmarsollier/authgo/internal/graph/model/schema.go:1054.122,1056.16 2 0
github.com/nmarsollier/authgo/internal/graph/model/schema.go:1056.16,1058.3 1 0
github.com/nmarsollier/authgo/internal/graph/model/schema.go:1059.2,1060.15 2 0
github.com/nmarsollier/authgo/internal/graph/model/schema.go:1060.15,1061.31 1 0
github.com/nmarsollier/authgo/internal/graph/model/schema.go:1061.31,1064.4 2 0
github.com/nmarsollier/authgo/internal/graph/model/schema.go:1066.2,1066.92 1 0
github.com/nmarsollier/authgo/internal/graph/model/schema.go:1066.92,1069.3 2 0
github.com/nmarsollier/authgo/internal/graph/model/schema.go:1070.2,1070.16 1 0
github.com/nmarsollier/authgo/internal/graph/model/schema.go:1070.16,1073.3 2 0
github.com/nmarsollier/authgo/internal/graph/model/schema.go:1074.2,1074.19 1 0
github.com/nmarsollier/authgo/internal/graph/model/schema.go:1074.19,1075.38 1 0
github.com/nmarsollier/authgo/internal/graph/model/schema.go:1075.38,1077.4 1 0
github.com/nmarsollier/authgo/internal/graph/model/schema.go:1078.3,1078.22 1 0
github.com/nmarsollier/authgo/internal/graph/model/schema.go:1080.2,1082.60 3 0
github.com/nmarsollier/authgo/internal/graph/model/schema.go:1085.146,1091.97 1 0
github.com/nmarsollier/authgo/internal/graph/model/schema.go:1091.97,1093.4 1 0
github.com/nmarsollier/authgo/internal/graph/model/schema.go:1095.2,1095.16 1 0
github.com/nmarsollier/authgo/internal/graph/model/schema.go:1098.129,1100.16 2 0
github.com/nmarsollier/authgo/internal/graph/model/schema.go:1100.16,1102.3 1 0
github.com/nmarsollier/authgo/internal/graph/model/schema.go:1103.2,1104.15 2 0
github.com/nmarsollier/authgo/internal/graph/model/schema.go:1104.15,1105.31 1 0
github.com/nmarsollier/authgo/internal/graph/model/schema.go:1105.31,1108.4 2 0
github.com/nmarsollier/authgo/internal/graph/model/schema.go:1110.2,1110.92 1 0
github.com/nmarsollier/authgo/internal/graph/model/schema.go:1110.92,1113.3 2 0
github.com/nmarsollier/authgo/internal/graph/model/schema.go:1114.2,1114.16 1 0
github.com/nmarsollier/authgo/internal/graph/model/schema.go:1114.16,1117.3 2 0
github.com/nmarsollier/authgo/internal/graph/model/schema.go:1118.2,1118.19 1 0
github.com/nmarsollier/authgo/internal/graph/model/schema.go:1118.19,1119.38 1 0
github.com/nmarsollier/authgo/internal/graph/model/schema.go:1119.38,1121.4 1 0
github.com/nmarsollier/authgo/internal/graph/model/schema.go:1122.3,1122.22 1 0
github.com/nmarsollier/authgo/internal/graph/model/schema.go:1124.2,1126.60 3 0
github.com/nmarsollier/authgo/internal/graph/model/schema.go:1129.155,1135.97 1 0
github.com/nmarsollier/authgo/internal/graph/model/schema.go:1135.97,1137.4 1 0
github.com/nmarsollier/authgo/internal/graph/model/schema.go:1139.2,1139.15 1 0
github.com/nmarsollier/authgo/internal/graph/model/schema.go:1139.15,1140.31 1 0
github.com/nmarsollier/authgo/internal/graph/model/schema.go:1140.31,1143.4 2 0
github.com/nmarsollier/authgo/internal/graph/model/schema.go:1145.2,1146.108 2 0
github.com/nmarsollier/authgo/internal/graph/model/schema.go:1146.108,1149.3 2 0
github.com/nmarsollier/authgo/internal/graph/model/schema.go:1150.2,1150.16 1 0
github.com/nmarsollier/authgo/internal/graph/model/schema.go:1153.121,1155.16 2 0
github.com/nmarsollier/authgo/internal/graph/model/schema.go:1155.16,1157.3 1 0
github.com/nmarsollier/authgo/internal/graph/model/schema.go:1158.2,1159.15 2 0
github.com/nmarsollier/authgo/internal/graph/model/schema.go:1159.15,1160.31 1 0
github.com/nmarsollier/authgo/internal/graph/model/schema.go:1160.31,1163.4 2 0
github.com/nmarsollier/authgo/internal/graph/model/schema.go:1165.2,1165.92 1 0
github.com/nmarsollier/authgo/internal/graph/model/schema.go:1165.92,1168.3 2 0
github.com/nmarsollier/authgo/internal/graph/model/schema.go:1169.2,1169.16 1 0
github.com/nmarsollier/authgo/internal/graph/model/schema.go:1169.16,1172.3 2 0
github.com/nmarsollier/authgo/internal/graph/model/schema.go:1173.2,1173.19 1 0
github.com/nmarsollier/authgo/internal/graph/model/schema.go:1173.19,1174.38 1 0
github.com/nmarsollier/authgo/internal/graph/model/schema.go:1174.38,1176.4 1 0
github.com/nmarsollier/authgo/internal/graph/model/schema.go:1177.3,1177.22 1 0
github.com/nmarsollier/authgo/internal/graph/model/schema.go:1179.2,1181.60 3 0
github.com/nmarsollier/authgo/internal/graph/model/schema.go:1184.147,1190.97 1 0
github.com/nmarsollier/authgo/internal/graph/model/schema.go:1190.97,1192.4 1 0
github.com/nmarsollier/authgo/internal/graph/model/schema.go:1194.2,1194.15 1 0
github.com/nmarsollier/authgo/internal/graph/model/schema.go:1194.15,1195.31 1 0
github.com/nmarsollier/authgo/internal/graph/model/schema.go:1195.31,1198.4 2 0
github.com/nmarsollier/authgo/internal/graph/model/schema.go:1200.2,1201.100 2 0
github.com/nmarsollier/authgo/internal/graph/model/schema.go:1201.100,1204.3 2 0
github.com/nmarsollier/authgo/internal/graph/model/schema.go:1205.2,1205.16 1 0
github.com/nmarsollier/authgo/internal/graph/model/schema.go:1208.122,1210.16 2 0
github.com/nmarsollier/authgo/internal/graph/model/schema.go:1210.16,1212.3 1 0
github.com/nmarsollier/authgo/internal/graph/model/schema.go:1213.2,1214.15 2 0
github.com/nmarsollier/authgo/internal/graph/model/schema.go:1214.15,1215.31 1 0
github.com/nmarsollier/authgo/internal/graph/model/schema.go:1215.31,1218.4 2 0
github.com/nmarsollier/authgo/internal/graph/model/schema.go:1220.2,1220.92 1 0
github.com/nmarsollier/authgo/internal/graph/model/schema.go:1220.92,1223.3 2 0
github.com/nmarsollier/authgo/internal/graph/model/schema.go:1224.2,1224.16 1 0
github.com/nmarsollier/authgo/internal/graph/model/schema.go:1224.16,1227.3 2 0
github.com/nmarsollier/authgo/internal/graph/model/schema.go:1228.2,1228.19 1 0
github.com/nmarsollier/authgo/internal/graph/model/schema.go:1228.19,1229.38 1 0
github.com/nmarsollier/authgo/internal/graph/model/schema.go:1229.38,1231.4 1 0
github.com/nmarsollier/authgo/internal/graph/model/schema.go:1232.3,1232.22 1 0
github.com/nmarsollier/authgo/internal/graph/model/schema.go:1234.2,1236.60 3 0
github.com/nmarsollier/authgo/internal/graph/model/schema.go:1239.148,1245.97 1 0
github.com/nmarsollier/authgo/internal/graph/model/schema.go:1245.97,1247.4 1 0
github.com/nmarsollier/authgo/internal/graph/model/schema.go:1249.2,1249.15 1 0
github.com/nmarsollier/authgo/internal/graph/model/schema.go:1249.15,1250.31 1 0
github.com/nmarsollier/authgo/internal/graph/model/schema.go:1250.31,1253.4 2 0
github.com/nmarsollier/authgo/internal/graph/model/schema.go:1255.2,1256.101 2 0
github.com/nmarsollier/authgo/internal/graph/model/schema.go:1256.101,1259.3 2 0
github.com/nmarsollier/authgo/internal/graph/model/schema.go:1260.2,1260.16 1 0
github.com/nmarsollier/authgo/internal/graph/model/schema.go:1263.120,1265.16 2 0
github.com/nmarsollier/authgo/internal/graph/model/schema.go:1265.16,1267.3 1 0
github.com/nmarsollier/authgo/internal/graph/model/schema.go:1268.2,1269.15 2 0
github.com/nmarsollier/authgo/internal/graph/model/schema.go:1269.15,1270.31 1 0
github.com/nmarsollier/authgo/internal/graph/model/schema.go:1270.31,1273.4 2 0
github.com/nmarsollier/authgo/internal/graph/model/schema.go:1275.2,1275.92 1 0
github.com/nmarsollier/authgo/internal/graph/model/schema.go:1275.92,1278.3 2 0
github.com/nmarsollier/authgo/internal/graph/model/schema.go:1279.2,1279.16 1 0
github.com/nmarsollier/authgo/internal/graph/model/schema.go:1279.16,1282.3 2 0
github.com/nmarsollier/authgo/internal/graph/model/schema.go:1283.2,1283.19 1 0
github.com/nmarsollier/authgo/internal/graph/model/schema.go:1283.19,1284.38 1 0
github.com/nmarsollier/authgo/internal/graph/model/schema.go:1284.38,1286.4 1 0
github.com/nmarsollier/authgo/internal/graph/model/schema.go:1287.3,1287.22 1 0
github.com/nmarsollier/authgo/internal/graph/model/schema.go:1289.2,1291.60 3 0
github.com/nmarsollier/authgo/internal/graph/model/schema.go:1294.146,1300.97 1 0
github.com/nmarsollier/authgo/internal/graph/model/schema.go:1300.97,1302.4 1 0
github.com/nmarsollier/authgo/internal/graph/model/schema.go:1304.2,1304.15 1 0
github.com/nmarsollier/authgo/internal/graph/model/schema.go:1304.15,1305.31 1 0
github.com/nmarsollier/authgo/internal/graph/model/schema.go:1305.31,1308.4 2 0
github.com/nmarsollier/authgo/internal/graph/model/schema.go:1310.2,1311.99 2 0
github.com/nmarsollier/authgo/internal/graph/model/schema.go:1311.99,1314.3 2 0
github.com/nmarsollier/authgo/internal/graph/model/schema.go:1315.2,1315.16 1 0
github.com/nmarsollier/authgo/internal/graph/model/schema.go:1318.121,1320.16 2 0
github.com/nmarsollier/authgo/internal/graph/model/schema.go:1320.16,1322.3 1 0
github.com/nmarsollier/authgo/internal/graph/model/schema.go:1323.2,1324.15 2 0
github.com/nmarsollier/authgo/internal/graph/model/schema.go:1324.15,1325.31 1 0
github.com/nmarsollier/authgo/internal/graph/model/schema.go:1325.31,1328.4 2 0
github.com/nmarsollier/authgo/internal/graph/model/schema.go:1330.2,1330.92 1 0
github.com/nmarsollier/authgo/internal/graph/model/schema.go:1330.92,1333.3 2 0
github.com/nmarsollier/authgo/internal/graph/model/schema.go:1334.2,1334.16 1 0
github.com/nmarsollier/authgo/internal/graph/model/schema.go:1334.16,1337.3 2 0
github.com/nmarsollier/authgo/internal/graph/model/schema.go:1338.2,1338.19 1 0
github.com/nmarsollier/authgo/internal/graph/model/schema.go:1338.19,1339.38 1 0
github.com/nmarsollier/authgo/internal/graph/model/schema.go:1339.38,1341.4 1 0
github.com/nmarsollier/authgo/internal/graph/model/schema.go:1342.3,1342.22 1 0
github.com/nmarsollier/authgo/internal/graph/model/schema.go:1344.2,1346.60 3 0
github.com/nmarsollier/authgo/internal/graph/model/schema.go:1349.147,1355.97 1 0
github.com/nmarsollier/authgo/internal/graph/model/schema.go:1355.97,1357.4 1 0
github.com/nmarsollier/authgo/internal/graph/model/schema.go:1359.2,1359.15 1 0
github.com/nmarsollier/authgo/internal/graph/model/schema.go:1359.15,1360.31 1 0
github.com/nmarsollier/authgo/internal/graph/model/schema.go:1360.31,1363.4 2 0
github.com/nmarsollier/authgo/internal/graph/model/schema.go:1365.2,1366.100 2 0
github.com/nmarsollier/authgo/internal/graph/model/schema.go:1366.100,1369.3 2 0
github.com/nmarsollier/authgo/internal/graph/model/schema.go:1370.2,1370.16 1 0
github.com/nmarsollier/authgo/internal/graph/model/schema.go:1373.123,1375.16 2 0
github.com/nmarsollier/authgo/internal/graph/model/schema.go:1375.16,1377.3 1 0
github.com/nmarsollier/authgo/internal/graph/model/schema.go:1378.2,1379.15 2 0
github.com/nmarsollier/authgo/internal/graph/model/schema.go:1379.15,1380.31 1 0
github.com/nmarsollier/authgo/internal/graph/model/schema.go:1380.31,1383.4 2 0
github.com/nmarsollier/authgo/internal/graph/model/schema.go:1385.2,1385.92 1 0
github.com/nmarsollier/authgo/internal/graph/model/schema.go:1385.92,1388.3 2 0
github.com/nmarsollier/authgo/internal/graph/model/schema.go:1389.2,1389.16 1 0
github.com/nmarsollier/authgo/internal/graph/model/schema.go:1389.16,1392.3 2 0
github.com/nmarsollier/authgo/internal/graph/model/schema.go:1393.2,1393.19 1 0
github.com/nmarsollier/authgo/internal/graph/model/schema.go:1393.19,1394.38 1 0
github.com/nmarsollier/authgo/internal/graph/model/schema.go:1394.38,1396.4 1 0
github.com/nmarsollier/authgo/internal/graph/model/schema.go:1397.3,1397.22 1 0
github.com/nmarsollier/authgo/internal/graph/model/schema.go:1399.2,1401.125 3 0
github.com/nmarsollier/authgo/internal/graph/model/schema.go:1404.147,1410.97 1 0
github.com/nmarsollier/authgo/internal/graph/model/schema.go:1410.97,1411.22 1 0
github.com/nmarsollier/authgo/internal/graph/model/schema.go:1412.14,1413.47 1 0
github.com/nmarsollier/authgo/internal/graph/model/schema.go:1414.16,1415.49 1 0
github.com/nmarsollier/authgo/internal/graph/model/schema.go:1416.23,1417.56 1 0
github.com/nmarsollier/authgo/internal/graph/model/schema.go:1418.17,1419.50 1 0
github.com/nmarsollier/authgo/internal/graph/model/schema.go:1420.19,1421.52 1 0
github.com/nmarsollier/authgo/internal/graph/model/schema.go:1423.4,1423.85 1 0
github.com/nmarsollier/authgo/internal/graph/model/schema.go:1426.2,1426.16 1 0
github.com/nmarsollier/authgo/internal/graph/model/schema.go:1429.117,1431.16 2 0
github.com/nmarsollier/authgo/internal/graph/model/schema.go:1431.16,1433.3 1 0
github.com/nmarsollier/authgo/internal/graph/model/schema.go:1434.2,1435.15 2 0
github.com/nmarsollier/authgo/internal/graph/model/schema.go:1435.15,1436.31 1 0
github.com/nmarsollier/authgo/internal/graph/model/schema.go:1436.31,1439.4 2 0
github.com/nmarsollier/authgo/internal/graph/model/schema.go:1441.2,1441.92 1 0
github.com/nmarsollier/authgo/internal/graph/model/schema.go:1441.92,1444.3 2 0
github.com/nmarsollier/authgo/internal/graph/model/schema.go:1445.2,1445.16 1 0
github.com/nmarsollier/authgo/internal/graph/model/schema.go:1445.16,1448.3 2 0
github.com/nmarsollier/authgo/internal/graph/model/schema.go:1449.2,1449.19 1 0
github.com/nmarsollier/authgo/internal/graph/model/schema.go:1449.19,1450.38 1 0
github.com/nmarsollier/authgo/internal/graph/model/schema.go:1450.38,1452.4 1 0
github.com/nmarsollier/authgo/internal/graph/model/schema.go:1453.3,1453.22 1 0
github.com/nmarsollier/authgo/internal/graph/model/schema.go:1455.2,1457.131 3 0
github.com/nmarsollier/authgo/internal/graph/model/schema.go:1460.141,1466.97 1 0
github.com/nmarsollier/authgo/internal/graph/model/schema.go:1466.97,1467.22 1 0
github.com/nmarsollier/authgo/internal/graph/model/schema.go:1468.14,1469.47 1 0
github.com/nmarsollier/authgo/internal/graph/model/schema.go:1470.16,1471.49 1 0
github.com/nmarsollier/authgo/internal/graph/model/schema.go:1472.23,1473.56 1 0
github.com/nmarsollier/authgo/internal/graph/model/schema.go:1474.17,1475.50 1 0
github.com/nmarsollier/authgo/internal/graph/model/schema.go:1476.19,1477.52 1 0
github.com/nmarsollier/authgo/internal/graph/model/schema.go:1479.4,1479.85 1 0
github.com/nmarsollier/authgo/internal/graph/model/schema.go:1482.2,1482.16 1 0
github.com/nmarsollier/authgo/internal/graph/model/schema.go:1485.121,1487.16 2 0
github.com/nmarsollier/authgo/internal/graph/model/schema.go:1487.16,1489.3 1 0
github.com/nmarsollier/authgo/internal/graph/model/schema.go:1490.2,1491.15 2 0
github.com/nmarsollier/authgo/internal/graph/model/schema.go:1491.15,1492.31 1 0
github.com/nmarsollier/authgo/internal/graph/model/schema.go:1492.31,1495.4 2 0
github.com/nmarsollier/authgo/internal/graph/model/schema.go:1497.2,1497.92 1 0
github.com/nmarsollier/authgo/internal/graph/model/schema.go:1497.92,1500.3 2 0
github.com/nmarsollier/authgo/internal/graph/model/schema.go:1501.2,1501.16 1 0
github.com/nmarsollier/authgo/internal/graph/model/schema.go:1501.16,1504.3 2 0
github.com/nmarsollier/authgo/internal/graph/model/schema.go:1505.2,1505.19 1 0
github.com/nmarsollier/authgo/internal/graph/model/schema.go:1505.19,1506.38 1 0
github.com/nmarsollier/authgo/internal/graph/model/schema.go:1506.38,1508.4 1 0
github.com/nmarsollier/authgo/internal/graph/model/schema.go:1509.3,1509.22 1 0
github.com/nmarsollier/authgo/internal/graph/model/schema.go:1511.2,1513.136 3 0
github.com/nmarsollier/authgo/internal/graph/model/schema.go:1516.147,1522.97 1 0
github.com/nmarsollier/authgo/internal/graph/model/schema.go:1522.97,1524.4 1 0
github.com/nmarsollier/authgo/internal/graph/model/schema.go:1526.2,1526.15 1 0
github.com/nmarsollier/authgo/internal/graph/model/schema.go:1526.15,1527.31 1 0
github.com/nmarsollier/authgo/internal/graph/model/schema.go:1527.31,1530.4 2 0
github.com/nmarsollier/authgo/internal/graph/model/schema.go:1532.2,1533.100 2 0
github.com/nmarsollier/authgo/internal/graph/model/schema.go:1533.100,1536.3 2 0
github.com/nmarsollier/authgo/internal/graph/model/schema.go:1537.2,1537.16 1 0
github.com/nmarsollier/authgo/internal/graph/model/schema.go:1540.120,1542.16 2 0
github.com/nmarsollier/authgo/internal/graph/model/schema.go:1542.16,1544.3 1 0
github.com/nmarsollier/authgo/internal/graph/model/schema.go:1545.2,1546.15 2 0
github.com/nmarsollier/authgo/internal/graph/model/schema.go:1546.15,1547.31 1 0
github.com/nmarsollier/authgo/internal/graph/model/schema.go:1547.31,1550.4 2 0
github.com/nmarsollier/authgo/internal/graph/model/schema.go:1552.2,1552.92 1 0
github.com/nmarsollier/authgo/internal/graph/model/schema.go:1552.92,1555.3 2 0
github.com/nmarsollier/authgo/internal/graph/model/schema.go:1556.2,1556.16 1 0
github.com/nmarsollier/authgo/internal/graph/model/schema.go:1556.16,1559.3 2 0
github.com/nmarsollier/authgo/internal/graph/model/schema.go:1560.2,1560.19 1 0
github.com/nmarsollier/authgo/internal/graph/model/schema.go:1560.19,1561.38 1 0
github.com/nmarsollier/authgo/internal/graph/model/schema.go:1561.38,1563.4 1 0
github.com/nmarsollier/authgo/internal/graph/model/schema.go:1564.3,1564.22 1 0
github.com/nmarsollier/authgo/internal/graph/model/schema.go:1566.2,1568.135 3 0
github.com/nmarsollier/authgo/internal/graph/model/schema.go:1571.144,1577.97 1 0
github.com/nmarsollier/authgo/internal/graph/model/schema.go:1577.97,1578.22 1 0
github.com/nmarsollier/authgo/internal/graph/model/schema.go:1579.15,1580.52 1 0
github.com/nmarsollier/authgo/internal/graph/model/schema.go:1582.4,1582.89 1 0
github.com/nmarsollier/authgo/internal/graph/model/schema.go:1585.2,1585.16 1 0
github.com/nmarsollier/authgo/internal/graph/model/schema.go:1588.118,1590.16 2 0
github.com/nmarsollier/authgo/internal/graph/model/schema.go:1590.16,1592.3 1 0
github.com/nmarsollier/authgo/internal/graph/model/schema.go:1593.2,1594.15 2 0
github.com/nmarsollier/authgo/internal/graph/model/schema.go:1594.15,1595.31 1 0
github.com/nmarsollier/authgo/internal/graph/model/schema.go:1595.31,1598.4 2 0
github.com/nmarsollier/authgo/internal/graph/model/schema.go:1600.2,1600.92 1 0
github.com/nmarsollier/authgo/internal/graph/model/schema.go:1600.92,1603.3 2 0
github.com/nmarsollier/authgo/internal/graph/model/schema.go:1604.2,1604.16 1 0
github.com/nmarsollier/authgo/internal/graph/model/schema.go:1604.16,1607.3 2 0
github.com/nmarsollier/authgo/internal/graph/model/schema.go:1608.2,1608.19 1 0
github.com/nmarsollier/authgo/internal/graph/model/schema.go:1608.19,1610.3 1 0
github.com/nmarsollier/authgo/internal/graph/model/schema.go:1611.2,1613.124 3 0
github.com/nmarsollier/authgo/internal/graph/model/schema.go:1616.144,1622.97 1 0
github.com/nmarsollier/authgo/internal/graph/model/schema.go:1622.97,1623.22 1 0
github.com/nmarsollier/authgo/internal/graph/model/schema.go:1624.16,1625.51 1 0
github.com/nmarsollier/authgo/internal/graph/model/schema.go:1626.16,1627.51 1 0
github.com/nmarsollier/authgo/internal/graph/model/schema.go:1628.23,1629.58 1 0
github.com/nmarsollier/authgo/internal/graph/model/schema.go:1630.18,1631.53 1 0
github.com/nmarsollier/authgo/internal/graph/model/schema.go:1632.22,1633.57 1 0
github.com/nmarsollier/authgo/internal/graph/model/schema.go:1634.25,1635.60 1 0
github.com/nmarsollier/authgo/internal/graph/model/schema.go:1636.22,1637.57 1 0
github.com/nmarsollier/authgo/internal/graph/model/schema.go:1638.23,1639.58 1 0
github.com/nmarsollier/authgo/internal/graph/model/schema.go:1640.18,1641.53 1 0
github.com/nmarsollier/authgo/internal/graph/model/schema.go:1642.26,1643.61 1 0
github.com/nmarsollier/authgo/internal/graph/model/schema.go:1645.4,1645.87 1 0
github.com/nmarsollier/authgo/internal/graph/model/schema.go:1648.2,1648.15 1 0
github.com/nmarsollier/authgo/internal/graph/model/schema.go:1648.15,1649.31 1 0
github.com/nmarsollier/authgo/internal/graph/model/schema.go:1649.31,1652.4 2 0
github.com/nmarsollier/authgo/internal/graph/model/schema.go:1654.2,1655.97 2 0
github.com/nmarsollier/authgo/internal/graph/model/schema.go:1655.97,1658.3 2 0
github.com/nmarsollier/authgo/internal/graph/model/schema.go:1659.2,1659.16 1 0
github.com/nmarsollier/authgo/internal/graph/model/schema.go:1662.120,1664.16 2 0
github.com/nmarsollier/authgo/internal/graph/model/schema.go:1664.16,1666.3 1 0
github.com/nmarsollier/authgo/internal/graph/model/schema.go:1667.2,1668.15 2 0
github.com/nmarsollier/authgo/internal/graph/model/schema.go:1668.15,1669.31 1 0
github.com/nmarsollier/authgo/internal/graph/model/schema.go:1669.31,1672.4 2 0
github.com/nmarsollier/authgo/internal/graph/model/schema.go:1674.2,1674.92 1 0
github.com/nmarsollier/authgo/internal/graph/model/schema.go:1674.92,1677.3 2 0
github.com/nmarsollier/authgo/internal/graph/model/schema.go:1678.2,1678.16 1 0
github.com/nmarsollier/authgo/internal/graph/model/schema.go:1678.16,1681.3 2 0
github.com/nmarsollier/authgo/internal/graph/model/schema.go:1682.2,1682.19 1 0
github.com/nmarsollier/authgo/internal/graph/model/schema.go:1682.19,1684.3 1 0
github.com/nmarsollier/authgo/internal/graph/model/schema.go:1685.2,1687.128 3 0
github.com/nmarsollier/authgo/internal/graph/model/schema.go:1690.144,1696.97 1 0
github.com/nmarsollier/authgo/internal/graph/model/schema.go:1696.97,1697.22 1 0
github.com/nmarsollier/authgo/internal/graph/model/schema.go:1698.23,1699.60 1 0
github.com/nmarsollier/authgo/internal/graph/model/schema.go:1700.17,1701.54 1 0
github.com/nmarsollier/authgo/internal/graph/model/schema.go:1702.21,1703.58 1 0
github.com/nmarsollier/authgo/internal/graph/model/schema.go:1704.24,1705.61 1 0
github.com/nmarsollier/authgo/internal/graph/model/schema.go:1706.28,1707.65 1 0
github.com/nmarsollier/authgo/internal/graph/model/schema.go:1708.22,1709.59 1 0
github.com/nmarsollier/authgo/internal/graph/model/schema.go:1711.4,1711.89 1 0
github.com/nmarsollier/authgo/internal/graph/model/schema.go:1714.2,1714.16 1 0
github.com/nmarsollier/authgo/internal/graph/model/schema.go:1717.129,1719.16 2 0
github.com/nmarsollier/authgo/internal/graph/model/schema.go:1719.16,1721.3 1 0
github.com/nmarsollier/authgo/internal/graph/model/schema.go:1722.2,1723.15 2 0
github.com/nmarsollier/authgo/internal/graph/model/schema.go:1723.15,1724.31 1 0
github.com/nmarsollier/authgo/internal/graph/model/schema.go:1724.31,1727.4 2 0
github.com/nmarsollier/authgo/internal/graph/model/schema.go:1729.2,1729.92 1 0
github.com/nmarsollier/authgo/internal/graph/model/schema.go:1729.92,1732.3 2 0
github.com/nmarsollier/authgo/internal/graph/model/schema.go:1733.2,1733.16 1 0
github.com/nmarsollier/authgo/internal/graph/model/schema.go:1733.16,1736.3 2 0
github.com/nmarsollier/authgo/internal/graph/model/schema.go:1737.2,1737.19 1 0
github.com/nmarsollier/authgo/internal/graph/model/schema.go:1737.19,1738.38 1 0
github.com/nmarsollier/authgo/internal/graph/model/schema.go:1738.38,1740.4 1 0
github.com/nmarsollier/authgo/internal/graph/model/schema.go:1741.3,1741.22 1 0
github.com/nmarsollier/authgo/internal/graph/model/schema.go:1743.2,1745.61 3 0
github.com/nmarsollier/authgo/internal/graph/model/schema.go:1748.141,1754.97 1 0
github.com/nmarsollier/authgo/internal/graph/model/schema.go:1754.97,1756.4 1 0
github.com/nmarsollier/authgo/internal/graph/model/schema.go:1758.2,1758.16 1 0
github.com/nmarsollier/authgo/internal/graph/model/schema.go:1761.124,1763.16 2 0
github.com/nmarsollier/authgo/internal/graph/model/schema.go:1763.16,1765.3 1 0
github.com/nmarsollier/authgo/internal/graph/model/schema.go:1766.2,1767.15 2 0
github.com/nmarsollier/authgo/internal/graph/model/schema.go:1767.15,1768.31 1 0
github.com/nmarsollier/authgo/internal/graph/model/schema.go:1768.31,1771.4 2 0
github.com/nmarsollier/authgo/internal/graph/model/schema.go:1773.2,1773.92 1 0
github.com/nmarsollier/authgo/internal/graph/model/schema.go:1773.92,1776.3 2 0
github.com/nmarsollier/authgo/internal/graph/model/schema.go:1777.2,1777.16 1 0
github.com/nmarsollier/authgo/internal/graph/model/schema.go:1777.16,1780.3 2 0
github.com/nmarsollier/authgo/internal/graph/model/schema.go:1781.2,1781.19 1 0
github.com/nmarsollier/authgo/internal/graph/model/schema.go:1781.19,1782.38 1 0
github.com/nmarsollier/authgo/internal/graph/model/schema.go:1782.38,1784.4 1 0
github.com/nmarsollier/authgo/internal/graph/model/schema.go:1785.3,1785.22 1 0
github.com/nmarsollier/authgo/internal/graph/model/schema.go:1787.2,1789.61 3 0
github.com/nmarsollier/authgo/internal/graph/model/schema.go:1792.137,1798.97 1 0
github.com/nmarsollier/authgo/internal/graph/model/schema.go:1798.97,1800.4 1 0
github.com/nmarsollier/authgo/internal/graph/model/schema.go:1802.2,1802.16 1 0
github.com/nmarsollier/authgo/internal/graph/model/schema.go:1805.126,1807.16 2 0
github.com/nmarsollier/authgo/internal/graph/model/schema.go:1807.16,1809.3 1 0
github.com/nmarsollier/authgo/internal/graph/model/schema.go:1810.2,1811.15 2 0
github.com/nmarsollier/authgo/internal/graph/model/schema.go:1811.15,1812.31 1 0
github.com/nmarsollier/authgo/internal/graph/model/schema.go:1812.31,1815.4 2 0
github.com/nmarsollier/authgo/internal/graph/model/schema.go:1817.2,1817.92 1 0
github.com/nmarsollier/authgo/internal/graph/model/schema.go:1817.92,1820.3 2 0
github.com/nmarsollier/authgo/internal/graph/model/schema.go:1821.2,1821.16 1 0
github.com/nmarsollier/authgo/internal/graph/model/schema.go:1821.16,1824.3 2 0
github.com/nmarsollier/authgo/internal/graph/model/schema.go:1825.2,1825.19 1 0
github.com/nmarsollier/authgo/internal/graph/model/schema.go:1825.19,1826.38 1 0
github.com/nmarsollier/authgo/internal/graph/model/schema.go:1826.38,1828.4 1 0
github.com/nmarsollier/authgo/internal/graph/model/schema.go:1829.3,1829.22 1 0
github.com/nmarsollier/authgo/internal/graph/model/schema.go:1831.2,1833.61 3 0
github.com/nmarsollier/authgo/internal/graph/model/schema.go:1836.139,1842.97 1 0
github.com/nmarsollier/authgo/internal/graph/model/schema.go:1842.97,1844.4 1 0
github.com/nmarsollier/authgo/internal/graph/model/schema.go:1846.2,1846.16 1 0
github.com/nmarsollier/authgo/internal/graph/model/schema.go:1849.133,1851.16 2 0
github.com/nmarsollier/authgo/internal/graph/model/schema.go:1851.16,1853.3 1 0
github.com/nmarsollier/authgo/internal/graph/model/schema.go:1854.2,1855.15 2 0
github.com/nmarsollier/authgo/internal/graph/model/schema.go:1855.15,1856.31 1 0
github.com/nmarsollier/authgo/internal/graph/model/schema.go:1856.31,1859.4 2 0
github.com/nmarsollier/authgo/internal/graph/model/schema.go:1861.2,1861.92 1 0
github.com/nmarsollier/authgo/internal/graph/model/schema.go:1861.92,1864.3 2 0
github.com/nmarsollier/authgo/internal/graph/model/schema.go:1865.2,1865.16 1 0
github.com/nmarsollier/authgo/internal/graph/model/schema.go:1865.16,1868.3 2 0
github.com/nmarsollier/authgo/internal/graph/model/schema.go:1869.2,1869.19 1 0
github.com/nmarsollier/authgo/internal/graph/model/schema.go:1869.19,1870.38 1 0
github.com/nmarsollier/authgo/internal/graph/model/schema.go:1870.38,1872.4 1 0
github.com/nmarsollier/authgo/internal/graph/model/schema.go:1873.3,1873.22 1 0
github.com/nmarsollier/authgo/internal/graph/model/schema.go:1875.2,1877.67 3 0
github.com/nmarsollier/authgo/internal/graph/model/schema.go:1880.146,1886.97 1 0
github.com/nmarsollier/authgo/internal/graph/model/schema.go:1886.97,1888.4 1 0
github.com/nmarsollier/authgo/internal/graph/model/schema.go:1890.2,1890.16 1 0
github.com/nmarsollier/authgo/internal/graph/model/schema.go:1893.127,1895.16 2 0
github.com/nmarsollier/authgo/internal/graph/model/schema.go:1895.16,1897.3 1 0
github.com/nmarsollier/authgo/internal/graph/model/schema.go:1898.2,1899.15 2 0
github.com/nmarsollier/authgo/internal/graph/model/schema.go:1899.15,1900.31 1 0
github.com/nmarsollier/authgo/internal/graph/model/schema.go:1900.31,1903.4 2 0
github.com/nmarsollier/authgo/internal/graph/model/schema.go:1905.2,1905.92 1 0
github.com/nmarsollier/authgo/internal/graph/model/schema.go:1905.92,1908.3 2 0
github.com/nmarsollier/authgo/internal/graph/model/schema.go:1909.2,1909.16 1 0
github.com/nmarsollier/authgo/internal/graph/model/schema.go:1909.16,1912.3 2 0
github.com/nmarsollier/authgo/internal/graph/model/schema.go:1913.2,1913.19 1 0
github.com/nmarsollier/authgo/internal/graph/model/schema.go:1913.19,1914.38 1 0
github.com/nmarsollier/authgo/internal/graph/model/schema.go:1914.38,1916.4 1 0
github.com/nmarsollier/authgo/internal/graph/model/schema.go:1917.3,1917.22 1 0
github.com/nmarsollier/authgo/internal/graph/model/schema.go:1919.2,1921.61 3 0
github.com/nmarsollier/authgo/internal/graph/model/schema.go:1924.140,1930.97 1 0
github.com/nmarsollier/authgo/internal/graph/model/schema.go:1930.97,1932.4 1 0
github.com/nmarsollier/authgo/internal/graph/model/schema.go:1934.2,1934.16 1 0
github.com/nmarsollier/authgo/internal/graph/model/schema.go:1937.129,1939.16 2 0
github.com/nmarsollier/authgo/internal/graph/model/schema.go:1939.16,1941.3 1 0
github.com/nmarsollier/authgo/internal/graph/model/schema.go:1942.2,1943.15 2 0
github.com/nmarsollier/authgo/internal/graph/model/schema.go:1943.15,1944.31 1 0
github.com/nmarsollier/authgo/internal/graph/model/schema.go:1944.31,1947.4 2 0
github.com/nmarsollier/authgo/internal/graph/model/schema.go:1949.2,1949.92 1 0
github.com/nmarsollier/authgo/internal/graph/model/schema.go:1949.92,1952.3 2 0
github.com/nmarsollier/authgo/internal/graph/model/schema.go:1953.2,1953.16 1 0
github.com/nmarsollier/authgo/internal/graph/model/schema.go:1953.16,1956.3 2 0
github.com/nmarsollier/authgo/internal/graph/model/schema.go:1957.2,1957.19 1 0
github.com/nmarsollier/authgo/internal/graph/model/schema.go:1957.19,1958.38 1 0
github.com/nmarsollier/authgo/internal/graph/model/schema.go:1958.38,1960.4 1 0
github.com/nmarsollier/authgo/internal/graph/model/schema.go:1961.3,1961.22 1 0
github.com/nmarsollier/authgo/internal/graph/model/schema.go:1963.2,1965.60 3 0
github.com/nmarsollier/authgo/internal/graph/model/schema.go:1968.142,1974.97 1 0
github.com/nmarsollier/authgo/internal/graph/model/schema.go:1974.97,1976.4 1 0
github.com/nmarsollier/authgo/internal/graph/model/schema.go:1978.2,1978.16 1 0
github.com/nmarsollier/authgo/internal/graph/model/schema.go:1981.143,1983.16 2 0
github.com/nmarsollier/authgo/internal/graph/model/schema.go:1983.16,1985.3 1 0
github.com/nmarsollier/authgo/internal/graph/model/schema.go:1986.2,1987.15 2 0
github.com/nmarsollier/authgo/internal/graph/model/schema.go:1987.15,1988.31 1 0
github.com/nmarsollier/authgo/internal/graph/model/schema.go:1988.31,1991.4 2 0
github.com/nmarsollier/authgo/internal/graph/model/schema.go:1993.2,1993.92 1 0
github.com/nmarsollier/authgo/internal/graph/model/schema.go:1993.92,1996.3 2 0
github.com/nmarsollier/authgo/internal/graph/model/schema.go:1997.2,1997.16 1 0
github.com/nmarsollier/authgo/internal/graph/model/schema.go:1997.16,2000.3 2 0
github.com/nmarsollier/authgo/internal/graph/model/schema.go:2001.2,2001.19 1 0
github.com/nmarsollier/authgo/internal/graph/model/schema.go:2001.19,2003.3 1 0
github.com/nmarsollier/authgo/internal/graph/model/schema.go:2004.2,2006.61 3 0
github.com/nmarsollier/authgo/internal/graph/model/schema.go:2009.142,2015.97 1 0
github.com/nmarsollier/authgo/internal/graph/model/schema.go:2015.97,2017.4 1 0
github.com/nmarsollier/authgo/internal/graph/model/schema.go:2019.2,2019.16 1 0
github.com/nmarsollier/authgo/internal/graph/model/schema.go:2022.152,2024.16 2 0
github.com/nmarsollier/authgo/internal/graph/model/schema.go:2024.16,2026.3 1 0
github.com/nmarsollier/authgo/internal/graph/model/schema.go:2027.2,2028.15 2 0
github.com/nmarsollier/authgo/internal/graph/model/schema.go:2028.15,2029.31 1 0
github.com/nmarsollier/authgo/internal/graph/model/schema.go:2029.31,2032.4 2 0
github.com/nmarsollier/authgo/internal/graph/model/schema.go:2034.2,2034.92 1 0
github.com/nmarsollier/authgo/internal/graph/model/schema.go:2034.92,2037.3 2 0
github.com/nmarsollier/authgo/internal/graph/model/schema.go:2038.2,2038.16 1 0
github.com/nmarsollier/authgo/internal/graph/model/schema.go:2038.16,2041.3 2 0
github.com/nmarsollier/authgo/internal/graph/model/schema.go:2042.2,2042.19 1 0
github.com/nmarsollier/authgo/internal/graph/model/schema.go:2042.19,2043.38 1 0
github.com/nmarsollier/authgo/internal/graph/model/schema.go:2043.38,2045.4 1 0
github.com/nmarsollier/authgo/internal/graph/model/schema.go:2046.3,2046.22 1 0
github.com/nmarsollier/authgo/internal/graph/model/schema.go:2048.2,2050.61 3 0
github.com/nmarsollier/authgo/internal/graph/model/schema.go:2053.146,2059.97 1 0
github.com/nmarsollier/authgo/internal/graph/model/schema.go:2059.97,2061.4 1 0
github.com/nmarsollier/authgo/internal/graph/model/schema.go:2063.2,2063.16 1 0
github.com/nmarsollier/authgo/internal/graph/model/schema.go:2066.159,2068.16 2 0
github.com/nmarsollier/authgo/internal/graph/model/schema.go:2068.16,2070.3 1 0
github.com/nmarsollier/authgo/internal/graph/model/schema.go:2071.2,2072.15 2 0
github.com/nmarsollier/authgo/internal/graph/model/schema.go:2072.15,2073.31 1 0
github.com/nmarsollier/authgo/internal/graph/model/schema.go:2073.31,2076.4 2 0
github.com/nmarsollier/authgo/internal/graph/model/schema.go:2078.2,2078.92 1 0
github.com/nmarsollier/authgo/internal/graph/model/schema.go:2078.92,2081.3 2 0
github.com/nmarsollier/authgo/internal/graph/model/schema.go:2082.2,2082.16 1 0
github.com/nmarsollier/authgo/internal/graph/model/schema.go:2082.16,2085.3 2 0
github.com/nmarsollier/authgo/internal/graph/model/schema.go:2086.2,2086.19 1 0
github.com/nmarsollier/authgo/internal/graph/model/schema.go:2086.19,2088.3 1 0
github.com/nmarsollier/authgo/internal/graph/model/schema.go:2089.2,2091.64 3 0
github.com/nmarsollier/authgo/internal/graph/model/schema.go:2094.153,2100.97 1 0
github.com/nmarsollier/authgo/internal/graph/model/schema.go:2100.97,2102.4 1 0
github.com/nmarsollier/authgo/internal/graph/model/schema.go:2104.2,2104.16 1 0
github.com/nmarsollier/authgo/internal/graph/model/schema.go:2107.157,2109.16 2 0
github.com/nmarsollier/authgo/internal/graph/model/schema.go:2109.16,2111.3 1 0
github.com/nmarsollier/authgo/internal/graph/model/schema.go:2112.2,2113.15 2 0
github.com/nmarsollier/authgo/internal/graph/model/schema.go:2113.15,2114.31 1 0
github.com/nmarsollier/authgo/internal/graph/model/schema.go:2114.31,2117.4 2 0
github.com/nmarsollier/authgo/internal/graph/model/schema.go:2119.2,2119.92 1 0
github.com/nmarsollier/authgo/internal/graph/model/schema.go:2119.92,2122.3 2 0
github.com/nmarsollier/authgo/internal/graph/model/schema.go:2123.2,2123.16 1 0
github.com/nmarsollier/authgo/internal/graph/model/schema.go:2123.16,2126.3 2 0
github.com/nmarsollier/authgo/internal/graph/model/schema.go:2127.2,2127.19 1 0
github.com/nmarsollier/authgo/internal/graph/model/schema.go:2127.19,2128.38 1 0
github.com/nmarsollier/authgo/internal/graph/model/schema.go:2128.38,2130.4 1 0
github.com/nmarsollier/authgo/internal/graph/model/schema.go:2131.3,2131.22 1 0
github.com/nmarsollier/authgo/internal/graph/model/schema.go:2133.2,2135.80 3 0
github.com/nmarsollier/authgo/internal/graph/model/schema.go:2138.151,2144.97 1 0
github.com/nmarsollier/authgo/internal/graph/model/schema.go:2144.97,2146.4 1 0
github.com/nmarsollier/authgo/internal/graph/model/schema.go:2148.2,2148.16 1 0
github.com/nmarsollier/authgo/internal/graph/model/schema.go:2151.152,2153.16 2 0
github.com/nmarsollier/authgo/internal/graph/model/schema.go:2153.16,2155.3 1 0
github.com/nmarsollier/authgo/internal/graph/model/schema.go:2156.2,2157.15 2 0
github.com/nmarsollier/authgo/internal/graph/model/schema.go:2157.15,2158.31 1 0
github.com/nmarsollier/authgo/internal/graph/model/schema.go:2158.31,2161.4 2 0
github.com/nmarsollier/authgo/internal/graph/model/schema.go:2163.2,2163.92 1 0
github.com/nmarsollier/authgo/internal/graph/model/schema.go:2163.92,2166.3 2 0
github.com/nmarsollier/authgo/internal/graph/model/schema.go:2167.2,2167.16 1 0
github.com/nmarsollier/authgo/internal/graph/model/schema.go:2167.16,2170.3 2 0
github.com/nmarsollier/authgo/internal/graph/model/schema.go:2171.2,2171.19 1 0
github.com/nmarsollier/authgo/internal/graph/model/schema.go:2171.19,2172.38 1 0
github.com/nmarsollier/authgo/internal/graph/model/schema.go:2172.38,2174.4 1 0
github.com/nmarsollier/authgo/internal/graph/model/schema.go:2175.3,2175.22 1 0
github.com/nmarsollier/authgo/internal/graph/model/schema.go:2177.2,2179.139 3 0
github.com/nmarsollier/authgo/internal/graph/model/schema.go:2182.146,2188.97 1 0
github.com/nmarsollier/authgo/internal/graph/model/schema.go:2188.97,2189.22 1 0
github.com/nmarsollier/authgo/internal/graph/model/schema.go:2190.16,2191.57 1 0
github.com/nmarsollier/authgo/internal/graph/model/schema.go:2192.23,2193.64 1 0
github.com/nmarsollier/authgo/internal/graph/model/schema.go:2194.16,2195.57 1 0
github.com/nmarsollier/authgo/internal/graph/model/schema.go:2196.24,2197.65 1 0
github.com/nmarsollier/authgo/internal/graph/model/schema.go:2199.4,2199.93 1 0
github.com/nmarsollier/authgo/internal/graph/model/schema.go:2202.2,2202.16 1 0
github.com/nmarsollier/authgo/internal/graph/model/schema.go:2205.160,2207.16 2 0
github.com/nmarsollier/authgo/internal/graph/model/schema.go:2207.16,2209.3 1 0
github.com/nmarsollier/authgo/internal/graph/model/schema.go:2210.2,2211.15 2 0
github.com/nmarsollier/authgo/internal/graph/model/schema.go:2211.15,2212.31 1 0
github.com/nmarsollier/authgo/internal/graph/model/schema.go:2212.31,2215.4 2 0
github.com/nmarsollier/authgo/internal/graph/model/schema.go:2217.2,2217.92 1 0
github.com/nmarsollier/authgo/internal/graph/model/schema.go:2217.92,2220.3 2 0
github.com/nmarsollier/authgo/internal/graph/model/schema.go:2221.2,2221.16 1 0
github.com/nmarsollier/authgo/internal/graph/model/schema.go:2221.16,2224.3 2 0
github.com/nmarsollier/authgo/internal/graph/model/schema.go:2225.2,2225.19 1 0
github.com/nmarsollier/authgo/internal/graph/model/schema.go:2225.19,2226.38 1 0
github.com/nmarsollier/authgo/internal/graph/model/schema.go:2226.38,2228.4 1 0
github.com/nmarsollier/authgo/internal/graph/model/schema.go:2229.3,2229.22 1 0
github.com/nmarsollier/authgo/internal/graph/model/schema.go:2231.2,2233.60 3 0
github.com/nmarsollier/authgo/internal/graph/model/schema.go:2236.154,2242.97 1 0
github.com/nmarsollier/authgo/internal/graph/model/schema.go:2242.97,2244.4 1 0
github.com/nmarsollier/authgo/internal/graph/model/schema.go:2246.2,2246.16 1 0
github.com/nmarsollier/authgo/internal/graph/model/schema.go:2249.152,2251.16 2 0
github.com/nmarsollier/authgo/internal/graph/model/schema.go:2251.16,2253.3 1 0
github.com/nmarsollier/authgo/internal/graph/model/schema.go:2254.2,2255.15 2 0
github.com/nmarsollier/authgo/internal/graph/model/schema.go:2255.15,2256.31 1 0
github.com/nmarsollier/authgo/internal/graph/model/schema.go:2256.31,2259.4 2 0
github.com/nmarsollier/authgo/internal/graph/model/schema.go:2261.2,2261.92 1 0
github.com/nmarsollier/authgo/internal/graph/model/schema.go:2261.92,2264.3 2 0
github.com/nmarsollier/authgo/internal/graph/model/schema.go:2265.2,2265.16 1 0
github.com/nmarsollier/authgo/internal/graph/model/schema.go:2265.16,2268.3 2 0
github.com/nmarsollier/authgo/internal/graph/model/schema.go:2269.2,2269.19 1 0
github.com/nmarsollier/authgo/internal/graph/model/schema.go:2269.19,2270.38 1 0
github.com/nmarsollier/authgo/internal/graph/model/schema.go:2270.38,2272.4 1 0
github.com/nmarsollier/authgo/internal/graph/model/schema.go:2273.3,2273.22 1 0
github.com/nmarsollier/authgo/internal/graph/model/schema.go:2275.2,2277.61 3 0
github.com/nmarsollier/authgo/internal/graph/model/schema.go:2280.146,2286.97 1 0
github.com/nmarsollier/authgo/internal/graph/model/schema.go:2286.97,2288.4 1 0
github.com/nmarsollier/authgo/internal/graph/model/schema.go:2290.2,2290.16 1 0
github.com/nmarsollier/authgo/internal/graph/model/schema.go:2293.159,2295.16 2 0
github.com/nmarsollier/authgo/internal/graph/model/schema.go:2295.16,2297.3 1 0
github.com/nmarsollier/authgo/internal/graph/model/schema.go:2298.2,2299.15 2 0
github.com/nmarsollier/authgo/internal/graph/model/schema.go:2299.15,2300.31 1 0
github.com/nmarsollier/authgo/internal/graph/model/schema.go:2300.31,2303.4 2 0
github.com/nmarsollier/authgo/internal/graph/model/schema.go:2305.2,2305.92 1 0
github.com/nmarsollier/authgo/internal/graph/model/schema.go:2305.92,2308.3 2 0
github.com/nmarsollier/authgo/internal/graph/model/schema.go:2309.2,2309.16 1 0
github.com/nmarsollier/authgo/internal/graph/model/schema.go:2309.16,2312.3 2 0
github.com/nmarsollier/authgo/internal/graph/model/schema.go:2313.2,2313.19 1 0
github.com/nmarsollier/authgo/internal/graph/model/schema.go:2313.19,2315.3 1 0
github.com/nmarsollier/authgo/internal/graph/model/schema.go:2316.2,2318.64 3 0
github.com/nmarsollier/authgo/internal/graph/model/schema.go:2321.153,2327.97 1 0
github.com/nmarsollier/authgo/internal/graph/model/schema.go:2327.97,2329.4 1 0
github.com/nmarsollier/authgo/internal/graph/model/schema.go:2331.2,2331.16 1 0
github.com/nmarsollier/authgo/internal/graph/model/schema.go:2334.160,2336.16 2 0
github.com/nmarsollier/authgo/internal/graph/model/schema.go:2336.16,2338.3 1 0
github.com/nmarsollier/authgo/internal/graph/model/schema.go:2339.2,2340.15 2 0
github.com/nmarsollier/authgo/internal/graph/model/schema.go:2340.15,2341.31 1 0
github.com/nmarsollier/authgo/internal/graph/model/schema.go:2341.31,2344.4 2 0
github.com/nmarsollier/authgo/internal/graph/model/schema.go:2346.2,2346.92 1 0
github.com/nmarsollier/authgo/internal/graph/model/schema.go:2346.92,2349.3 2 0
github.com/nmarsollier/authgo/internal/graph/model/schema.go:2350.2,2350.16 1 0
github.com/nmarsollier/authgo/internal/graph/model/schema.go:2350.16,2353.3 2 0
github.com/nmarsollier/authgo/internal/graph/model/schema.go:2354.2,2354.19 1 0
github.com/nmarsollier/authgo/internal/graph/model/schema.go:2354.19,2355.38 1 0
github.com/nmarsollier/authgo/internal/graph/model/schema.go:2355.38,2357.4 1 0
github.com/nmarsollier/authgo/internal/graph/model/schema.go:2358.3,2358.22 1 0
github.com/nmarsollier/authgo/internal/graph/model/schema.go:2360.2,2362.60 3 0
github.com/nmarsollier/authgo/internal/graph/model/schema.go:2365.154,2371.97 1 0
github.com/nmarsollier/authgo/internal/graph/model/schema.go:2371.97,2373.4 1 0
github.com/nmarsollier/authgo/internal/graph/model/schema.go:2375.2,2375.16 1 0
github.com/nmarsollier/authgo/internal/graph/model/schema.go:2378.165,2380.16 2 0
github.com/nmarsollier/authgo/internal/graph/model/schema.go:2380.16,2382.3 1 0
github.com/nmarsollier/authgo/internal/graph/model/schema.go:2383.2,2384.15 2 0
github.com/nmarsollier/authgo/internal/graph/model/schema.go:2384.15,2385.31 1 0
github.com/nmarsollier/authgo/internal/graph/model/schema.go:2385.31,2388.4 2 0
github.com/nmarsollier/authgo/internal/graph/model/schema.go:2390.2,2390.92 1 0
github.com/nmarsollier/authgo/internal/graph/model/schema.go:2390.92,2393.3 2 0
github.com/nmarsollier/authgo/internal/graph/model/schema.go:2394.2,2394.16 1 0
github.com/nmarsollier/authgo/internal/graph/model/schema.go:2394.16,2397.3 2 0
github.com/nmarsollier/authgo/internal/graph/model/schema.go:2398.2,2398.19 1 0
github.com/nmarsollier/authgo/internal/graph/model/schema.go:2398.19,2400.3 1 0
github.com/nmarsollier/authgo/internal/graph/model/schema.go:2401.2,2403.64 3 0
github.com/nmarsollier/authgo/internal/graph/model/schema.go:2406.159,2412.97 1 0
github.com/nmarsollier/authgo/internal/graph/model/schema.go:2412.97,2414.4 1 0
github.com/nmarsollier/authgo/internal/graph/model/schema.go:2416.2,2416.16 1 0
github.com/nmarsollier/authgo/internal/graph/model/schema.go:2419.144,2421.16 2 0
github.com/nmarsollier/authgo/internal/graph/model/schema.go:2421.16,2423.3 1 0
github.com/nmarsollier/authgo/internal/graph/model/schema.go:2424.2,2425.15 2 0
github.com/nmarsollier/authgo/internal/graph/model/schema.go:2425.15,2426.31 1 0
github.com/nmarsollier/authgo/internal/graph/model/schema.go:2426.31,2429.4 2 0
github.com/nmarsollier/authgo/internal/graph/model/schema.go:2431.2,2431.92 1 0
github.com/nmarsollier/authgo/internal/graph/model/schema.go:2431.92,2434.3 2 0
github.com/nmarsollier/authgo/internal/graph/model/schema.go:2435.2,2435.16 1 0
github.com/nmarsollier/authgo/internal/graph/model/schema.go:2435.16,2438.3 2 0
github.com/nmarsollier/authgo/internal/graph/model/schema.go:2439.2,2439.19 1 0
github.com/nmarsollier/authgo/internal/graph/model/schema.go:2439.19,2440.38 1 0
github.com/nmarsollier/authgo/internal/graph/model/schema.go:2440.38,2442.4 1 0
github.com/nmarsollier/authgo/internal/graph/model/schema.go:2443.3,2443.22 1 0
github.com/nmarsollier/authgo/internal/graph/model/schema.go:2445.2,2447.61 3 0
[...]
github.com/nmarsollier/authgo/internal/rest/post_users_id_disable.go:32.30,36.50 3 0
github.com/nmarsollier/authgo/internal/rest/post_users_id_disable.go:36.50,38.3 1 0
github.com/nmarsollier/authgo/internal/rest/post_users_id_enable.go:24.49,30.2 1 0
github.com/nmarsollier/authgo/internal/rest/post_users_id_enable.go:32.29,36.49 3 0
github.com/nmarsollier/authgo/internal/rest/post_users_id_enable.go:36.49,38.3 1 0
github.com/nmarsollier/authgo/internal/rest/post_users_id_grant.go:25.48,31.2 1 0
github.com/nmarsollier/authgo/internal/rest/post_users_id_grant.go:37.38,39.48 2 0
github.com/nmarsollier/authgo/internal/rest/post_users_id_grant.go:39.48,42.3 2 0
github.com/nmarsollier/authgo/internal/rest/post_users_id_grant.go:43.2,46.66 3 0
github.com/nmarsollier/authgo/internal/rest/post_users_id_grant.go:46.66,49.3 2 0
github.com/nmarsollier/authgo/internal/rest/post_users_id_revoke.go:25.49,31.2 1 0
github.com/nmarsollier/authgo/internal/rest/post_users_id_revoke.go:37.39,39.48 2 0
github.com/nmarsollier/authgo/internal/rest/post_users_id_revoke.go:39.48,42.3 2 0
github.com/nmarsollier/authgo/internal/rest/post_users_id_revoke.go:44.2,47.67 3 0
github.com/nmarsollier/authgo/internal/rest/post_users_id_revoke.go:47.67,50.3 2 0
github.com/nmarsollier/authgo/internal/rest/post_users_password.go:24.47,30.2 1 0
github.com/nmarsollier/authgo/internal/rest/post_users_password.go:37.37,39.48 2 0
github.com/nmarsollier/authgo/internal/rest/post_users_password.go:39.48,42.3 2 0
github.com/nmarsollier/authgo/internal/rest/post_users_password.go:43.2,46.93 3 0
github.com/nmarsollier/authgo/internal/rest/post_users_password.go:46.93,49.3 2 0
github.com/nmarsollier/authgo/internal/rest/post_users_signin.go:23.46,28.2 1 0
github.com/nmarsollier/authgo/internal/rest/post_users_signin.go:30.29,32.49 2 0
github.com/nmarsollier/authgo/internal/rest/post_users_signin.go:32.49,35.3 2 0
github.com/nmarsollier/authgo/internal/rest/post_users_signin.go:37.2,39.16 3 0
github.com/nmarsollier/authgo/internal/rest/post_users_signin.go:39.16,42.3 2 0
github.com/nmarsollier/authgo/internal/rest/post_users_signin.go:44.2,44.20 1 0
github.com/nmarsollier/authgo/internal/rest/post_users_signup.go:23.41,28.2 1 0
github.com/nmarsollier/authgo/internal/rest/post_users_signup.go:30.29,32.48 2 0
github.com/nmarsollier/authgo/internal/rest/post_users_signup.go:32.48,35.3 2 0
github.com/nmarsollier/authgo/internal/rest/post_users_signup.go:37.2,39.16 3 0
github.com/nmarsollier/authgo/internal/rest/post_users_signup.go:39.16,42.3 2 0
github.com/nmarsollier/authgo/internal/rest/post_users_signup.go:44.2,44.20 1 0
github.com/nmarsollier/authgo/internal/rest/router.go:12.14,15.2 2 0
github.com/nmarsollier/authgo/internal/rest/router.go:17.37,28.2 10 0
github.com/nmarsollier/authgo/internal/rest/server/admin_middleware.go:11.40,14.16 2 0
github.com/nmarsollier/authgo/internal/rest/server/admin_middleware.go:14.16,18.3 3 0
github.com/nmarsollier/authgo/internal/rest/server/admin_middleware.go:20.2,22.55 2 0
github.com/nmarsollier/authgo/internal/rest/server/admin_middleware.go:22.55,26.3 3 0
github.com/nmarsollier/authgo/internal/rest/server/auth_middleware.go:10.48,12.16 2 0
github.com/nmarsollier/authgo/internal/rest/server/auth_middleware.go:12.16,16.3 3 0
github.com/nmarsollier/authgo/internal/rest/server/auth_middleware.go:18.2,18.67 1 0
github.com/nmarsollier/authgo/internal/rest/server/di_middleware.go:9.45,10.30 1 0
github.com/nmarsollier/authgo/internal/rest/server/di_middleware.go:10.30,14.14 3 0
github.com/nmarsollier/authgo/internal/rest/server/di_middleware.go:14.14,17.4 2 0
github.com/nmarsollier/authgo/internal/rest/server/di_middleware.go:17.9,19.4 1 0
github.com/nmarsollier/authgo/internal/rest/server/di_middleware.go:21.3,23.36 2 0
github.com/nmarsollier/authgo/internal/rest/server/di_middleware.go:23.36,25.4 1 0
github.com/nmarsollier/authgo/internal/rest/server/di_middleware.go:29.48,31.2 1 0
github.com/nmarsollier/authgo/internal/rest/server/engine.go:16.27,17.19 1 0
github.com/nmarsollier/authgo/internal/rest/server/engine.go:17.19,36.3 6 0
github.com/nmarsollier/authgo/internal/rest/server/engine.go:38.2,38.15 1 0
github.com/nmarsollier/authgo/internal/rest/server/engine.go:42.47,44.2 1 0
github.com/nmarsollier/authgo/internal/rest/server/engine.go:46.64,49.16 3 0
github.com/nmarsollier/authgo/internal/rest/server/engine.go:49.16,52.3 2 0
github.com/nmarsollier/authgo/internal/rest/server/engine.go:54.2,55.16 2 0
github.com/nmarsollier/authgo/internal/rest/server/engine.go:55.16,58.3 2 0
github.com/nmarsollier/authgo/internal/rest/server/engine.go:60.2,62.21 2 0
github.com/nmarsollier/authgo/internal/rest/server/error_handler.go:15.35,19.2 2 0
github.com/nmarsollier/authgo/internal/rest/server/error_handler.go:21.42,23.16 2 0
github.com/nmarsollier/authgo/internal/rest/server/error_handler.go:23.16,25.3 1 0
github.com/nmarsollier/authgo/internal/rest/server/error_handler.go:27.2,27.42 1 0
github.com/nmarsollier/authgo/internal/rest/server/error_handler.go:27.42,30.3 2 0
github.com/nmarsollier/authgo/internal/rest/server/error_handler.go:32.2,32.102 1 0
github.com/nmarsollier/authgo/internal/rest/server/error_handler.go:32.102,35.3 2 0
github.com/nmarsollier/authgo/internal/rest/server/error_handler.go:37.2,37.31 1 0
github.com/nmarsollier/authgo/internal/rest/server/error_handler.go:41.57,43.29 1 0
github.com/nmarsollier/authgo/internal/rest/server/error_handler.go:44.22,46.21 1 0
github.com/nmarsollier/authgo/internal/rest/server/error_handler.go:47.23,49.19 1 0
github.com/nmarsollier/authgo/internal/rest/server/error_handler.go:50.28,51.32 1 0
github.com/nmarsollier/authgo/internal/rest/server/error_handler.go:51.32,53.4 1 0
github.com/nmarsollier/authgo/internal/rest/server/error_handler.go:53.9,55.4 1 0
github.com/nmarsollier/authgo/internal/rest/server/error_handler.go:56.34,58.34 1 0
github.com/nmarsollier/authgo/internal/rest/server/error_handler.go:59.13,63.5 1 0
github.com/nmarsollier/authgo/internal/rest/server/error_handler.go:64.10,66.29 1 0
github.com/nmarsollier/authgo/internal/rest/server/error_handler.go:70.89,73.37 2 0
github.com/nmarsollier/authgo/internal/rest/server/error_handler.go:73.37,75.3 1 0
github.com/nmarsollier/authgo/internal/rest/server/error_handler.go:77.2,77.18 1 0
github.com/nmarsollier/authgo/internal/rest/server/error_handler.go:80.51,82.2 1 0
github.com/nmarsollier/authgo/internal/rest/server/error_handler.go:85.41,86.48 1 0
github.com/nmarsollier/authgo/internal/rest/server/error_handler.go:86.48,87.46 1 0
github.com/nmarsollier/authgo/internal/rest/server/error_handler.go:87.46,88.41 1 0
github.com/nmarsollier/authgo/internal/rest/server/error_handler.go:88.41,90.5 1 0
github.com/nmarsollier/authgo/internal/rest/server/error_handler.go:93.2,93.14 1 0
github.com/nmarsollier/authgo/internal/rest/server/tools.go:13.53,15.65 2 0
github.com/nmarsollier/authgo/internal/rest/server/tools.go:15.65,17.3 1 0
github.com/nmarsollier/authgo/internal/rest/server/tools.go:18.2,18.29 1 0
github.com/nmarsollier/authgo/internal/rest/server/tools.go:21.85,27.2 1 0
github.com/nmarsollier/authgo/internal/rest/server/tools.go:29.46,32.21 2 0
github.com/nmarsollier/authgo/internal/rest/server/tools.go:32.21,34.3 1 0
github.com/nmarsollier/authgo/internal/rest/server/tools.go:36.2,36.14 1 0
github.com/nmarsollier/authgo/internal/rest/server/tools.go:39.48,42.2 2 0
github.com/nmarsollier/authgo/internal/token/repository.go:12.77,16.16 3 0
github.com/nmarsollier/authgo/internal/token/repository.go:16.16,19.3 2 0
github.com/nmarsollier/authgo/internal/token/repository.go:21.2,21.19 1 0
github.com/nmarsollier/authgo/internal/token/repository.go:24.68,26.16 2 0
github.com/nmarsollier/authgo/internal/token/repository.go:26.16,29.3 2 0
github.com/nmarsollier/authgo/internal/token/repository.go:31.2,34.89 3 0
github.com/nmarsollier/authgo/internal/token/repository.go:34.89,37.3 2 0
github.com/nmarsollier/authgo/internal/token/repository.go:39.2,39.19 1 0
github.com/nmarsollier/authgo/internal/token/repository.go:42.47,50.2 2 0
github.com/nmarsollier/authgo/internal/token/schema.go:18.49,24.2 1 0
github.com/nmarsollier/authgo/internal/token/schema.go:26.39,34.16 3 0
github.com/nmarsollier/authgo/internal/token/schema.go:34.16,36.3 1 0
github.com/nmarsollier/authgo/internal/token/schema.go:38.2,38.25 1 0
github.com/nmarsollier/authgo/internal/token/schema.go:41.65,42.83 1 0
github.com/nmarsollier/authgo/internal/token/schema.go:42.83,43.58 1 0
github.com/nmarsollier/authgo/internal/token/schema.go:43.58,45.4 1 0
github.com/nmarsollier/authgo/internal/token/schema.go:47.3,47.42 1 0
github.com/nmarsollier/authgo/internal/token/schema.go:50.2,50.32 1 0
github.com/nmarsollier/authgo/internal/token/schema.go:50.32,52.3 1 0
github.com/nmarsollier/authgo/internal/token/schema.go:54.2,56.9 2 0
github.com/nmarsollier/authgo/internal/token/schema.go:56.9,58.3 1 0
github.com/nmarsollier/authgo/internal/token/schema.go:60.2,63.29 3 0
github.com/nmarsollier/authgo/internal/token/service.go:12.65,14.16 2 0
github.com/nmarsollier/authgo/internal/token/service.go:14.16,17.3 2 0
github.com/nmarsollier/authgo/internal/token/service.go:19.2,20.16 2 0
github.com/nmarsollier/authgo/internal/token/service.go:20.16,22.3 1 0
github.com/nmarsollier/authgo/internal/token/service.go:24.2,25.16 2 0
github.com/nmarsollier/authgo/internal/token/service.go:25.16,27.3 1 0
github.com/nmarsollier/authgo/internal/token/service.go:29.2,31.19 2 0
github.com/nmarsollier/authgo/internal/token/service.go:34.72,35.59 1 0
github.com/nmarsollier/authgo/internal/token/service.go:35.59,37.3 1 0
github.com/nmarsollier/authgo/internal/token/service.go:39.2,40.16 2 0
github.com/nmarsollier/authgo/internal/token/service.go:40.16,42.3 1 0
github.com/nmarsollier/authgo/internal/token/service.go:44.2,45.34 2 0
github.com/nmarsollier/authgo/internal/token/service.go:45.34,47.3 1 0
github.com/nmarsollier/authgo/internal/token/service.go:49.2,49.19 1 0
github.com/nmarsollier/authgo/internal/token/service.go:52.64,54.16 2 0
github.com/nmarsollier/authgo/internal/token/service.go:54.16,56.3 1 0
github.com/nmarsollier/authgo/internal/token/service.go:58.2,59.16 2 0
github.com/nmarsollier/authgo/internal/token/service.go:59.16,62.3 2 0
github.com/nmarsollier/authgo/internal/token/service.go:64.2,64.35 1 0
github.com/nmarsollier/authgo/internal/token/service.go:64.35,66.3 1 0
github.com/nmarsollier/authgo/internal/token/service.go:68.2,70.12 2 0
github.com/nmarsollier/authgo/internal/token/service.go:74.64,76.16 2 0
github.com/nmarsollier/authgo/internal/token/service.go:76.16,78.3 1 0
github.com/nmarsollier/authgo/internal/token/service.go:80.2,81.16 2 0
github.com/nmarsollier/authgo/internal/token/service.go:81.16,83.3 1 0
github.com/nmarsollier/authgo/internal/token/service.go:85.2,87.19 2 0
github.com/nmarsollier/authgo/internal/usecases/invalidate_token.go:11.9,14.16 2 0
github.com/nmarsollier/authgo/internal/usecases/invalidate_token.go:14.16,16.3 1 0
github.com/nmarsollier/authgo/internal/usecases/invalidate_token.go:18.2,18.12 1 0
github.com/nmarsollier/authgo/internal/usecases/invalidate_token.go:18.12,20.20 2 0
github.com/nmarsollier/authgo/internal/usecases/invalidate_token.go:20.20,23.4 2 0
github.com/nmarsollier/authgo/internal/usecases/invalidate_token.go:25.3,25.64 1 0
github.com/nmarsollier/authgo/internal/usecases/invalidate_token.go:25.64,27.4 1 0
github.com/nmarsollier/authgo/internal/usecases/invalidate_token.go:30.2,30.12 1 0
github.com/nmarsollier/authgo/internal/usecases/send_logout_publihser.go:13.31,23.2 2 0
github.com/nmarsollier/authgo/internal/usecases/sign_in.go:18.27,20.16 2 0
github.com/nmarsollier/authgo/internal/usecases/sign_in.go:20.16,22.3 1 0
github.com/nmarsollier/authgo/internal/usecases/sign_in.go:24.2,25.16 2 0
github.com/nmarsollier/authgo/internal/usecases/sign_in.go:25.16,27.3 1 0
github.com/nmarsollier/authgo/internal/usecases/sign_in.go:29.2,30.16 2 0
github.com/nmarsollier/authgo/internal/usecases/sign_in.go:30.16,32.3 1 0
github.com/nmarsollier/authgo/internal/usecases/sign_in.go:34.2,34.48 1 0
github.com/nmarsollier/authgo/internal/usecases/sign_up.go:22.27,24.16 2 0
github.com/nmarsollier/authgo/internal/usecases/sign_up.go:24.16,26.3 1 0
github.com/nmarsollier/authgo/internal/usecases/sign_up.go:28.2,29.16 2 0
github.com/nmarsollier/authgo/internal/usecases/sign_up.go:29.16,31.3 1 0
github.com/nmarsollier/authgo/internal/usecases/sign_up.go:33.2,34.16 2 0
github.com/nmarsollier/authgo/internal/usecases/sign_up.go:34.16,36.3 1 0
github.com/nmarsollier/authgo/internal/usecases/sign_up.go:38.2,38.48 1 0
github.com/nmarsollier/authgo/internal/user/dto.go:11.29,11.30 0 0
github.com/nmarsollier/authgo/internal/user/dto.go:13.40,21.2 1 0
github.com/nmarsollier/authgo/internal/user/repository.go:17.18,18.46 1 0
github.com/nmarsollier/authgo/internal/user/repository.go:18.46,21.3 2 0
github.com/nmarsollier/authgo/internal/user/repository.go:23.2,23.85 1 0
github.com/nmarsollier/authgo/internal/user/repository.go:23.85,26.3 2 0
github.com/nmarsollier/authgo/internal/user/repository.go:28.2,28.18 1 0
github.com/nmarsollier/authgo/internal/user/repository.go:46.18,48.46 1 0
github.com/nmarsollier/authgo/internal/user/repository.go:48.46,51.3 2 0
github.com/nmarsollier/authgo/internal/user/repository.go:53.2,69.16 3 0
github.com/nmarsollier/authgo/internal/user/repository.go:69.16,72.3 2 0
github.com/nmarsollier/authgo/internal/user/repository.go:74.2,74.18 1 0
github.com/nmarsollier/authgo/internal/user/repository.go:79.20,82.16 3 0
github.com/nmarsollier/authgo/internal/user/repository.go:82.16,85.3 2 0
github.com/nmarsollier/authgo/internal/user/repository.go:86.2,89.37 3 0
github.com/nmarsollier/authgo/internal/user/repository.go:89.37,91.42 2 0
github.com/nmarsollier/authgo/internal/user/repository.go:91.42,93.4 1 0
github.com/nmarsollier/authgo/internal/user/repository.go:94.3,94.30 1 0
github.com/nmarsollier/authgo/internal/user/repository.go:97.2,97.19 1 0
github.com/nmarsollier/authgo/internal/user/repository.go:103.18,105.16 2 0
github.com/nmarsollier/authgo/internal/user/repository.go:105.16,108.3 2 0
github.com/nmarsollier/authgo/internal/user/repository.go:110.2,112.87 3 0
github.com/nmarsollier/authgo/internal/user/repository.go:112.87,115.3 2 0
github.com/nmarsollier/authgo/internal/user/repository.go:117.2,117.18 1 0
github.com/nmarsollier/authgo/internal/user/repository.go:131.18,135.16 4 0
github.com/nmarsollier/authgo/internal/user/repository.go:135.16,137.34 2 0
github.com/nmarsollier/authgo/internal/user/repository.go:137.34,139.4 1 0
github.com/nmarsollier/authgo/internal/user/repository.go:140.3,140.18 1 0
github.com/nmarsollier/authgo/internal/user/repository.go:143.2,143.18 1 0
github.com/nmarsollier/authgo/internal/user/schema.go:24.22,32.2 1 0
github.com/nmarsollier/authgo/internal/user/schema.go:35.50,37.16 2 0
github.com/nmarsollier/authgo/internal/user/schema.go:37.16,39.3 1 0
github.com/nmarsollier/authgo/internal/user/schema.go:41.2,42.12 2 0
github.com/nmarsollier/authgo/internal/user/schema.go:46.56,47.92 1 0
github.com/nmarsollier/authgo/internal/user/schema.go:47.92,49.3 1 0
github.com/nmarsollier/authgo/internal/user/schema.go:50.2,50.12 1 0
github.com/nmarsollier/authgo/internal/user/schema.go:54.48,55.34 1 0
github.com/nmarsollier/authgo/internal/user/schema.go:55.34,56.22 1 0
github.com/nmarsollier/authgo/internal/user/schema.go:56.22,58.4 1 0
github.com/nmarsollier/authgo/internal/user/schema.go:60.2,60.14 1 0
github.com/nmarsollier/authgo/internal/user/schema.go:64.41,65.28 1 0
github.com/nmarsollier/authgo/internal/user/schema.go:65.28,67.3 1 0
github.com/nmarsollier/authgo/internal/user/schema.go:71.42,72.27 1 0
github.com/nmarsollier/authgo/internal/user/schema.go:72.27,74.35 2 0
github.com/nmarsollier/authgo/internal/user/schema.go:74.35,75.23 1 0
github.com/nmarsollier/authgo/internal/user/schema.go:75.23,77.5 1 0
github.com/nmarsollier/authgo/internal/user/schema.go:79.3,79.33 1 0
github.com/nmarsollier/authgo/internal/user/schema.go:84.39,86.2 1 0
github.com/nmarsollier/authgo/internal/user/schema.go:88.50,90.16 2 0
github.com/nmarsollier/authgo/internal/user/schema.go:90.16,92.3 1 0
github.com/nmarsollier/authgo/internal/user/schema.go:94.2,94.26 1 0
github.com/nmarsollier/authgo/internal/user/service.go:13.9,15.16 2 0
github.com/nmarsollier/authgo/internal/user/service.go:15.16,17.3 1 0
github.com/nmarsollier/authgo/internal/user/service.go:19.2,19.54 1 0
github.com/nmarsollier/authgo/internal/user/service.go:19.54,21.3 1 0
github.com/nmarsollier/authgo/internal/user/service.go:23.2,23.57 1 0
github.com/nmarsollier/authgo/internal/user/service.go:23.57,25.3 1 0
github.com/nmarsollier/authgo/internal/user/service.go:27.2,29.12 2 0
github.com/nmarsollier/authgo/internal/user/service.go:35.9,37.16 2 0
github.com/nmarsollier/authgo/internal/user/service.go:37.16,39.3 1 0
github.com/nmarsollier/authgo/internal/user/service.go:41.2,45.12 3 0
github.com/nmarsollier/authgo/internal/user/service.go:48.71,51.16 2 0
github.com/nmarsollier/authgo/internal/user/service.go:51.16,53.3 1 0
github.com/nmarsollier/authgo/internal/user/service.go:55.2,55.39 1 0
github.com/nmarsollier/authgo/internal/user/service.go:55.39,57.3 1 0
github.com/nmarsollier/authgo/internal/user/service.go:59.2,59.8 1 0
github.com/nmarsollier/authgo/internal/user/service.go:62.94,69.16 6 0
github.com/nmarsollier/authgo/internal/user/service.go:69.16,71.3 1 0
github.com/nmarsollier/authgo/internal/user/service.go:73.2,73.33 1 0
github.com/nmarsollier/authgo/internal/user/service.go:76.65,78.16 2 0
github.com/nmarsollier/authgo/internal/user/service.go:78.16,80.3 1 0
github.com/nmarsollier/authgo/internal/user/service.go:82.2,82.19 1 0
github.com/nmarsollier/authgo/internal/user/service.go:82.19,84.3 1 0
github.com/nmarsollier/authgo/internal/user/service.go:86.2,86.31 1 0
github.com/nmarsollier/authgo/internal/user/service.go:89.76,91.16 2 0
github.com/nmarsollier/authgo/internal/user/service.go:91.16,93.3 1 0
github.com/nmarsollier/authgo/internal/user/service.go:95.2,95.36 1 0
github.com/nmarsollier/authgo/internal/user/service.go:95.36,97.3 1 0
github.com/nmarsollier/authgo/internal/user/service.go:98.2,100.12 2 0
github.com/nmarsollier/authgo/internal/user/service.go:103.74,105.16 2 0
github.com/nmarsollier/authgo/internal/user/service.go:105.16,107.3 1 0
github.com/nmarsollier/authgo/internal/user/service.go:109.2,109.32 1 0
github.com/nmarsollier/authgo/internal/user/service.go:112.77,114.16 2 0
github.com/nmarsollier/authgo/internal/user/service.go:114.16,116.3 1 0
github.com/nmarsollier/authgo/internal/user/service.go:118.2,118.36 1 0
github.com/nmarsollier/authgo/internal/user/service.go:118.36,120.3 1 0
github.com/nmarsollier/authgo/internal/user/service.go:121.2,123.12 2 0
github.com/nmarsollier/authgo/internal/user/service.go:126.84,128.16 2 0
github.com/nmarsollier/authgo/internal/user/service.go:128.16,130.3 1 0
github.com/nmarsollier/authgo/internal/user/service.go:132.2,132.19 1 0
github.com/nmarsollier/authgo/internal/user/service.go:132.19,134.3 1 0
github.com/nmarsollier/authgo/internal/user/service.go:136.2,136.55 1 0
github.com/nmarsollier/authgo/internal/user/service.go:136.55,138.3 1 0
github.com/nmarsollier/authgo/internal/user/service.go:140.2,140.31 1 0
github.com/nmarsollier/authgo/internal/user/service.go:143.55,145.16 2 0
github.com/nmarsollier/authgo/internal/user/service.go:145.16,147.3 1 0
github.com/nmarsollier/authgo/internal/user/service.go:149.2,152.12 3 0
github.com/nmarsollier/authgo/internal/user/service.go:155.70,157.16 2 0
github.com/nmarsollier/authgo/internal/user/service.go:157.16,159.3 1 0
github.com/nmarsollier/authgo/internal/user/service.go:161.2,161.19 1 0
github.com/nmarsollier/authgo/internal/user/service.go:161.19,163.3 1 0
github.com/nmarsollier/authgo/internal/user/service.go:165.2,165.31 1 0
github.com/nmarsollier/authgo/main.go:18.13,22.2 2 0
